[TRACE] 11:09:37:316 cpu/(11436:11436): El socket de kernel en cpu.c es : 0
[INFO] 11:09:37:367 cpu/(11436:11436): Cliente conectado (a CPU)

[TRACE] 11:09:49:555 cpu/(11453:11453): El socket de kernel en cpu.c es : 0
[INFO] 11:09:49:606 cpu/(11453:11453): Cliente conectado (a CPU)

[TRACE] 11:10:01:007 cpu/(11467:11467): El socket de kernel en cpu.c es : 0
[INFO] 11:10:01:059 cpu/(11467:11467): Cliente conectado (a CPU)

[TRACE] 11:10:03:977 cpu/(11474:11474): El socket de kernel en cpu.c es : 0
[INFO] 11:10:04:028 cpu/(11474:11474): Cliente conectado (a CPU)

[TRACE] 11:10:15:706 cpu/(11491:11491): El socket de kernel en cpu.c es : 0
[INFO] 11:10:15:757 cpu/(11491:11491): Cliente conectado (a CPU)

[INFO] 11:10:20:814 cpu/(11499:11499): Escuchando en 127.0.0.1:8001 (CPU)

[TRACE] 11:10:20:865 cpu/(11499:11499): El socket de kernel en cpu.c es : 4
[INFO] 11:12:12:839 cpu/(11939:11939): Escuchando en 127.0.0.1:8001 (CPU)

[TRACE] 11:12:12:972 cpu/(11939:11939): El socket de kernel en cpu.c es : 4
[INFO] 11:12:17:304 cpu/(11939:11939): Cliente conectado (a CPU)

[WARNING] 11:12:17:319 cpu/(11939:11951): Entre en procesar conexion cpu
[WARNING] 11:12:17:321 cpu/(11939:11951): Entre en el while de cliente socket
[TRACE] 11:12:42:204 cpu/(11984:11984): El socket de kernel en cpu.c es : 0
[INFO] 11:12:42:257 cpu/(11984:11984): Cliente conectado (a CPU)

[TRACE] 11:12:53:592 cpu/(12002:12002): El socket de kernel en cpu.c es : 0
[INFO] 11:12:53:662 cpu/(12002:12002): Cliente conectado (a CPU)

[TRACE] 11:13:36:621 cpu/(12161:12161): El socket de kernel en cpu.c es : 0
[INFO] 11:13:36:669 cpu/(12161:12161): Cliente conectado (a CPU)

[INFO] 11:14:17:355 cpu/(12215:12215): Escuchando en 127.0.0.1:8001 (CPU)

[TRACE] 11:14:17:405 cpu/(12215:12215): El socket de kernel en cpu.c es : 4
[INFO] 11:14:19:887 cpu/(12215:12215): Cliente conectado (a CPU)

[WARNING] 11:14:19:900 cpu/(12215:12223): Entre en procesar conexion cpu
[WARNING] 11:14:19:902 cpu/(12215:12223): Entre en el while de cliente socket
[INFO] 11:15:47:364 cpu/(12448:12448): Escuchando en 127.0.0.1:8001 (CPU)

[TRACE] 11:15:47:419 cpu/(12448:12448): El socket de kernel en cpu.c es : 4
[INFO] 11:15:51:433 cpu/(12448:12448): Cliente conectado (a CPU)

[WARNING] 11:15:51:445 cpu/(12448:12457): Entre en procesar conexion cpu
[ERROR] 11:15:51:447 cpu/(12448:12457): El tam del pcb es: 4
[WARNING] 11:15:51:448 cpu/(12448:12457): Entre en el while de cliente socket
[INFO] 11:17:18:109 cpu/(12680:12680): Escuchando en 127.0.0.1:8001 (CPU)

[TRACE] 11:17:18:160 cpu/(12680:12680): El socket de kernel en cpu.c es : 4
[INFO] 11:17:21:357 cpu/(12680:12680): Cliente conectado (a CPU)

[WARNING] 11:17:21:388 cpu/(12680:12686): Entre en procesar conexion cpu
[ERROR] 11:17:21:401 cpu/(12680:12686): El tam del pcb es: 4
[WARNING] 11:17:21:402 cpu/(12680:12686): Entre en el while de cliente socket
[TRACE] 11:18:05:518 cpu/(12852:12852): El socket de kernel en cpu.c es : 0
[INFO] 11:18:05:628 cpu/(12852:12852): Cliente conectado (a CPU)

[TRACE] 11:18:16:518 cpu/(12868:12868): El socket de kernel en cpu.c es : 0
[INFO] 11:18:16:571 cpu/(12868:12868): Cliente conectado (a CPU)

[TRACE] 11:18:23:627 cpu/(12878:12878): El socket de kernel en cpu.c es : 0
[INFO] 11:18:23:680 cpu/(12878:12878): Cliente conectado (a CPU)

[TRACE] 11:18:24:956 cpu/(12882:12882): El socket de kernel en cpu.c es : 0
[INFO] 11:18:25:009 cpu/(12882:12882): Cliente conectado (a CPU)

[TRACE] 11:18:26:147 cpu/(12888:12888): El socket de kernel en cpu.c es : 0
[INFO] 11:18:26:200 cpu/(12888:12888): Cliente conectado (a CPU)

[TRACE] 11:18:27:439 cpu/(12889:12889): El socket de kernel en cpu.c es : 0
[INFO] 11:18:27:491 cpu/(12889:12889): Cliente conectado (a CPU)

[TRACE] 11:18:28:728 cpu/(12893:12893): El socket de kernel en cpu.c es : 0
[INFO] 11:18:28:782 cpu/(12893:12893): Cliente conectado (a CPU)

[TRACE] 11:18:30:135 cpu/(12897:12897): El socket de kernel en cpu.c es : 0
[INFO] 11:18:30:189 cpu/(12897:12897): Cliente conectado (a CPU)

[TRACE] 11:18:31:599 cpu/(12898:12898): El socket de kernel en cpu.c es : 0
[INFO] 11:18:31:652 cpu/(12898:12898): Cliente conectado (a CPU)

[TRACE] 11:18:33:018 cpu/(12902:12902): El socket de kernel en cpu.c es : 0
[INFO] 11:18:33:070 cpu/(12902:12902): Cliente conectado (a CPU)

[TRACE] 11:18:34:566 cpu/(12908:12908): El socket de kernel en cpu.c es : 0
[INFO] 11:18:34:616 cpu/(12908:12908): Cliente conectado (a CPU)

[TRACE] 11:18:38:713 cpu/(12921:12921): El socket de kernel en cpu.c es : 0
[INFO] 11:18:38:764 cpu/(12921:12921): Cliente conectado (a CPU)

[TRACE] 11:18:43:994 cpu/(12928:12928): El socket de kernel en cpu.c es : 0
[INFO] 11:18:44:044 cpu/(12928:12928): Cliente conectado (a CPU)

[TRACE] 11:18:54:812 cpu/(12941:12941): El socket de kernel en cpu.c es : 0
[INFO] 11:18:54:863 cpu/(12941:12941): Cliente conectado (a CPU)

[INFO] 11:19:13:636 cpu/(12969:12969): Escuchando en 127.0.0.1:8001 (CPU)

[TRACE] 11:19:13:688 cpu/(12969:12969): El socket de kernel en cpu.c es : 4
[INFO] 11:19:19:737 cpu/(12969:12969): Cliente conectado (a CPU)

[WARNING] 11:19:19:751 cpu/(12969:12980): Entre en procesar conexion cpu
[ERROR] 11:19:19:754 cpu/(12969:12980): El tam del pcb es: 4
[WARNING] 11:19:19:755 cpu/(12969:12980): Entre en el while de cliente socket
[INFO] 11:20:44:819 cpu/(13303:13303): Escuchando en 127.0.0.1:8001 (CPU)

[TRACE] 11:20:44:870 cpu/(13303:13303): El socket de kernel en cpu.c es : 4
[INFO] 11:20:47:887 cpu/(13303:13303): Cliente conectado (a CPU)

[WARNING] 11:20:47:910 cpu/(13303:13312): Entre en procesar conexion cpu
[ERROR] 11:20:47:912 cpu/(13303:13312): El tam del pcb es: 4
[WARNING] 11:20:47:913 cpu/(13303:13312): Entre en el while de cliente socket
[ERROR] 11:20:50:214 cpu/(13303:13312): fallo al recibir
[INFO] 11:47:18:047 cpu/(16194:16194): Escuchando en 127.0.0.1:8001 (CPU)

[TRACE] 11:47:18:151 cpu/(16194:16194): El socket de kernel en cpu.c es : 4
[INFO] 11:47:20:500 cpu/(16194:16194): Cliente conectado (a CPU)

[WARNING] 11:47:20:511 cpu/(16194:16199): Entre en procesar conexion cpu
[ERROR] 11:47:20:514 cpu/(16194:16199): El tam del pcb es: 4
[WARNING] 11:47:20:515 cpu/(16194:16199): Entre en el while de cliente socket
[ERROR] 11:47:20:515 cpu/(16194:16199): fallo al recibir
[INFO] 11:57:08:876 cpu/(17255:17255): Escuchando en 127.0.0.1:8001 (CPU)

[TRACE] 11:57:08:959 cpu/(17255:17255): El socket de kernel en cpu.c es : 4
[INFO] 11:57:11:975 cpu/(17255:17255): Cliente conectado (a CPU)

[WARNING] 11:57:11:993 cpu/(17255:17270): Entre en procesar conexion cpu
[WARNING] 11:57:16:127 cpu/(17255:17270): El pid despues del recv es: 1
[ERROR] 11:57:16:128 cpu/(17255:17270): El tam del pcb es: 4
[INFO] 11:58:11:403 cpu/(17451:17451): Escuchando en 127.0.0.1:8001 (CPU)

[TRACE] 11:58:11:481 cpu/(17451:17451): El socket de kernel en cpu.c es : 4
[INFO] 11:58:14:515 cpu/(17451:17451): Cliente conectado (a CPU)

[WARNING] 11:58:14:533 cpu/(17451:17457): Entre en procesar conexion cpu
[ERROR] 11:58:14:536 cpu/(17451:17457): El tam del pcb es: 4
[WARNING] 11:58:16:960 cpu/(17451:17457): El pid despues del recv es: 1
[WARNING] 11:58:17:925 cpu/(17451:17457): El pid despues del recv es: 2
[WARNING] 11:58:18:721 cpu/(17451:17457): El pid despues del recv es: 3
[WARNING] 11:58:19:216 cpu/(17451:17457): El pid despues del recv es: 4
[WARNING] 11:58:19:679 cpu/(17451:17457): El pid despues del recv es: 5
[WARNING] 11:58:20:102 cpu/(17451:17457): El pid despues del recv es: 6
[WARNING] 11:58:20:521 cpu/(17451:17457): El pid despues del recv es: 7
[WARNING] 11:58:20:898 cpu/(17451:17457): El pid despues del recv es: 8
[TRACE] 12:06:57:911 cpu/(18686:18686): El socket de kernel en cpu.c es : 0
[INFO] 12:06:57:961 cpu/(18686:18686): Cliente conectado (a CPU)

[INFO] 12:08:54:669 cpu/(18840:18840): Escuchando en 127.0.0.1:8001 (CPU)

[TRACE] 12:08:54:727 cpu/(18840:18840): El socket de kernel en cpu.c es : 4
[INFO] 12:08:57:606 cpu/(18840:18840): Cliente conectado (a CPU)

[WARNING] 12:08:57:626 cpu/(18840:18848): Entre en procesar conexion cpu
[ERROR] 12:08:57:629 cpu/(18840:18848): El tam del pcb es: 8
[WARNING] 12:09:01:305 cpu/(18840:18848): El pid despues del recv es: 1
[INFO] 12:10:21:407 cpu/(19073:19073): Escuchando en 127.0.0.1:8001 (CPU)

[TRACE] 12:10:21:466 cpu/(19073:19073): El socket de kernel en cpu.c es : 4
[INFO] 12:10:24:932 cpu/(19073:19073): Cliente conectado (a CPU)

[WARNING] 12:10:24:943 cpu/(19073:19079): Entre en procesar conexion cpu
[ERROR] 12:10:24:946 cpu/(19073:19079): El tam del pcb es: 8
[WARNING] 12:10:27:677 cpu/(19073:19079): El pid despues del recv es: 1
[TRACE] 12:11:19:800 cpu/(19253:19253): El socket de kernel en cpu.c es : 0
[INFO] 12:11:19:959 cpu/(19253:19253): Cliente conectado (a CPU)

[TRACE] 12:11:35:266 cpu/(19274:19274): El socket de kernel en cpu.c es : 0
[INFO] 12:11:35:317 cpu/(19274:19274): Cliente conectado (a CPU)

[TRACE] 12:11:38:236 cpu/(19282:19282): El socket de kernel en cpu.c es : 0
[INFO] 12:11:38:285 cpu/(19282:19282): Cliente conectado (a CPU)

[TRACE] 12:11:40:416 cpu/(19284:19284): El socket de kernel en cpu.c es : 0
[INFO] 12:11:40:475 cpu/(19284:19284): Cliente conectado (a CPU)

[TRACE] 12:12:07:884 cpu/(19322:19322): El socket de kernel en cpu.c es : 0
[INFO] 12:12:07:981 cpu/(19322:19322): Cliente conectado (a CPU)

[TRACE] 12:12:12:611 cpu/(19335:19335): El socket de kernel en cpu.c es : 0
[INFO] 12:12:12:660 cpu/(19335:19335): Cliente conectado (a CPU)

[INFO] 12:12:24:833 cpu/(19351:19351): Escuchando en 127.0.0.1:8001 (CPU)

[TRACE] 12:12:24:887 cpu/(19351:19351): El socket de kernel en cpu.c es : 4
[INFO] 12:12:28:725 cpu/(19351:19351): Cliente conectado (a CPU)

[WARNING] 12:12:28:749 cpu/(19351:19359): Entre en procesar conexion cpu
[ERROR] 12:12:28:751 cpu/(19351:19359): El tam del pcb es: 8
[WARNING] 12:12:31:051 cpu/(19351:19359): El pid despues del recv es: 1
[ERROR] 12:12:31:054 cpu/(19351:19359): Tam de lista instrucc despues del rcv 4
[INFO] 12:22:17:522 cpu/(20388:20388): Escuchando en 127.0.0.1:8001 (CPU)

[TRACE] 12:22:17:623 cpu/(20388:20388): El socket de kernel en cpu.c es : 4
[INFO] 12:22:21:112 cpu/(20388:20388): Cliente conectado (a CPU)

[WARNING] 12:22:21:122 cpu/(20388:20397): Entre en procesar conexion cpu
[ERROR] 12:22:21:125 cpu/(20388:20397): El tam del pcb es: 8
[WARNING] 12:22:23:621 cpu/(20388:20397): El pid despues del recv es: 1
[ERROR] 12:22:23:623 cpu/(20388:20397): Tam de lista instrucc despues del rcv 4
[WARNING] 12:22:26:780 cpu/(20388:20397): El pid despues del recv es: 2
[ERROR] 12:22:26:781 cpu/(20388:20397): Tam de lista instrucc despues del rcv 4
[TRACE] 12:23:01:257 cpu/(20550:20550): El socket de kernel en cpu.c es : 0
[INFO] 12:23:01:310 cpu/(20550:20550): Cliente conectado (a CPU)

[INFO] 12:24:09:940 cpu/(20665:20665): Escuchando en 127.0.0.1:8001 (CPU)

[TRACE] 12:24:09:992 cpu/(20665:20665): El socket de kernel en cpu.c es : 4
[INFO] 12:24:14:100 cpu/(20665:20665): Cliente conectado (a CPU)

[WARNING] 12:24:14:111 cpu/(20665:20674): Entre en procesar conexion cpu
[ERROR] 12:24:14:114 cpu/(20665:20674): El tam del pcb es: 8
[WARNING] 12:24:16:482 cpu/(20665:20674): El pid despues del recv es: 1
[ERROR] 12:24:16:485 cpu/(20665:20674): Tam de lista instrucc despues del rcv 0
[TRACE] 12:26:54:058 cpu/(21014:21014): El socket de kernel en cpu.c es : 0
[INFO] 12:26:54:110 cpu/(21014:21014): Cliente conectado (a CPU)

[TRACE] 12:27:21:987 cpu/(21051:21051): El socket de kernel en cpu.c es : 0
[INFO] 12:27:22:036 cpu/(21051:21051): Cliente conectado (a CPU)

[INFO] 12:28:26:604 cpu/(21233:21233): Escuchando en 127.0.0.1:8001 (CPU)

[TRACE] 12:28:26:656 cpu/(21233:21233): El socket de kernel en cpu.c es : 4
[INFO] 12:28:28:938 cpu/(21233:21233): Cliente conectado (a CPU)

[WARNING] 12:28:28:951 cpu/(21233:21241): Entre en procesar conexion cpu
[ERROR] 12:28:28:953 cpu/(21233:21241): El tam del pcb es: 8
[WARNING] 12:28:31:293 cpu/(21233:21241): El pid despues del recv es: 1
[ERROR] 12:28:39:164 cpu/(21233:21241): Fallo recibiendo NO_OP
[WARNING] 12:28:39:164 cpu/(21233:21241): El cliente se desconecto de CPU server
[INFO] 12:29:15:313 cpu/(21411:21411): Escuchando en 127.0.0.1:8001 (CPU)

[TRACE] 12:29:15:380 cpu/(21411:21411): El socket de kernel en cpu.c es : 4
[INFO] 12:29:17:932 cpu/(21411:21411): Cliente conectado (a CPU)

[WARNING] 12:29:17:962 cpu/(21411:21417): Entre en procesar conexion cpu
[ERROR] 12:29:17:966 cpu/(21411:21417): El tam del pcb es: 8
[WARNING] 12:29:20:528 cpu/(21411:21417): El pid despues del recv es: 1
[ERROR] 12:29:20:532 cpu/(21411:21417): Tam de lista instrucc despues del rcv 0
[WARNING] 12:29:28:340 cpu/(21411:21417): El pid despues del recv es: 2
[ERROR] 12:29:28:341 cpu/(21411:21417): Tam de lista instrucc despues del rcv 0
[WARNING] 12:29:29:732 cpu/(21411:21417): El pid despues del recv es: 3
[ERROR] 12:29:29:732 cpu/(21411:21417): Tam de lista instrucc despues del rcv 0
[WARNING] 12:29:30:533 cpu/(21411:21417): El pid despues del recv es: 4
[ERROR] 12:29:30:533 cpu/(21411:21417): Tam de lista instrucc despues del rcv 0
[TRACE] 12:30:33:146 cpu/(21634:21634): El socket de kernel en cpu.c es : 0
[INFO] 12:30:33:258 cpu/(21634:21634): Cliente conectado (a CPU)

[INFO] 12:30:36:928 cpu/(21639:21639): Escuchando en 127.0.0.1:8001 (CPU)

[TRACE] 12:30:36:979 cpu/(21639:21639): El socket de kernel en cpu.c es : 4
[INFO] 12:30:39:915 cpu/(21639:21639): Cliente conectado (a CPU)

[WARNING] 12:30:39:936 cpu/(21639:21648): Entre en procesar conexion cpu
[ERROR] 12:30:39:940 cpu/(21639:21648): El tam del pcb es: 8
[WARNING] 12:30:42:353 cpu/(21639:21648): El pid despues del recv es: 1
[ERROR] 12:30:42:356 cpu/(21639:21648): Tam de lista instrucc despues del rcv 0
[TRACE] 12:31:06:918 cpu/(21781:21781): El socket de kernel en cpu.c es : 0
[INFO] 12:31:06:968 cpu/(21781:21781): Cliente conectado (a CPU)

[TRACE] 12:31:18:970 cpu/(21802:21802): El socket de kernel en cpu.c es : 0
[INFO] 12:31:19:026 cpu/(21802:21802): Cliente conectado (a CPU)

[TRACE] 12:31:24:914 cpu/(21810:21810): El socket de kernel en cpu.c es : 0
[INFO] 12:31:24:964 cpu/(21810:21810): Cliente conectado (a CPU)

[TRACE] 12:31:26:746 cpu/(21811:21811): El socket de kernel en cpu.c es : 0
[INFO] 12:31:26:797 cpu/(21811:21811): Cliente conectado (a CPU)

[TRACE] 12:31:28:100 cpu/(21815:21815): El socket de kernel en cpu.c es : 0
[INFO] 12:31:28:150 cpu/(21815:21815): Cliente conectado (a CPU)

[TRACE] 12:31:29:345 cpu/(21819:21819): El socket de kernel en cpu.c es : 0
[INFO] 12:31:29:396 cpu/(21819:21819): Cliente conectado (a CPU)

[TRACE] 12:31:30:580 cpu/(21820:21820): El socket de kernel en cpu.c es : 0
[INFO] 12:31:30:631 cpu/(21820:21820): Cliente conectado (a CPU)

[TRACE] 12:31:32:318 cpu/(21824:21824): El socket de kernel en cpu.c es : 0
[INFO] 12:31:32:369 cpu/(21824:21824): Cliente conectado (a CPU)

[TRACE] 12:31:33:553 cpu/(21825:21825): El socket de kernel en cpu.c es : 0
[INFO] 12:31:33:603 cpu/(21825:21825): Cliente conectado (a CPU)

[TRACE] 12:31:34:760 cpu/(21829:21829): El socket de kernel en cpu.c es : 0
[INFO] 12:31:34:810 cpu/(21829:21829): Cliente conectado (a CPU)

[TRACE] 12:31:36:003 cpu/(21830:21830): El socket de kernel en cpu.c es : 0
[INFO] 12:31:36:054 cpu/(21830:21830): Cliente conectado (a CPU)

[TRACE] 12:31:53:300 cpu/(21854:21854): El socket de kernel en cpu.c es : 0
[INFO] 12:31:53:349 cpu/(21854:21854): Cliente conectado (a CPU)

[INFO] 12:32:33:812 cpu/(21906:21906): Escuchando en 127.0.0.1:8001 (CPU)

[TRACE] 12:32:33:863 cpu/(21906:21906): El socket de kernel en cpu.c es : 4
[INFO] 12:32:36:654 cpu/(21906:21906): Cliente conectado (a CPU)

[WARNING] 12:32:36:665 cpu/(21906:21914): Entre en procesar conexion cpu
[ERROR] 12:32:36:678 cpu/(21906:21914): El tam del pcb es: 8
[WARNING] 12:32:39:532 cpu/(21906:21914): El pid despues del recv es: 1
[ERROR] 12:32:39:542 cpu/(21906:21914): Tam de lista instrucc despues del rcv 0
[TRACE] 12:34:17:173 cpu/(22164:22164): El socket de kernel en cpu.c es : 0
[INFO] 12:34:17:223 cpu/(22164:22164): Cliente conectado (a CPU)

[TRACE] 12:34:50:749 cpu/(22204:22204): El socket de kernel en cpu.c es : 0
[INFO] 12:34:50:800 cpu/(22204:22204): Cliente conectado (a CPU)

[TRACE] 12:35:01:839 cpu/(22218:22218): El socket de kernel en cpu.c es : 0
[INFO] 12:35:01:890 cpu/(22218:22218): Cliente conectado (a CPU)

[TRACE] 12:35:04:363 cpu/(22226:22226): El socket de kernel en cpu.c es : 0
[INFO] 12:35:04:413 cpu/(22226:22226): Cliente conectado (a CPU)

[INFO] 12:35:14:761 cpu/(22242:22242): Escuchando en 127.0.0.1:8001 (CPU)

[TRACE] 12:35:14:814 cpu/(22242:22242): El socket de kernel en cpu.c es : 4
[INFO] 12:35:18:155 cpu/(22242:22242): Cliente conectado (a CPU)

[WARNING] 12:35:18:177 cpu/(22242:22247): Entre en procesar conexion cpu
[ERROR] 12:35:18:181 cpu/(22242:22247): El tam del pcb es: 8
[WARNING] 12:35:20:158 cpu/(22242:22247): El pid despues del recv es: 1
[ERROR] 12:35:20:163 cpu/(22242:22247): Tam de lista instrucc despues del rcv 0
[WARNING] 12:35:24:236 cpu/(22242:22247): El pid despues del recv es: 2
[ERROR] 12:35:24:236 cpu/(22242:22247): Tam de lista instrucc despues del rcv 0
[WARNING] 12:35:25:115 cpu/(22242:22247): El pid despues del recv es: 3
[ERROR] 12:35:25:116 cpu/(22242:22247): Tam de lista instrucc despues del rcv 0
