[INFO] 11:12:17:240 cpu/(11947:11947): Escuchando en 127.0.0.1:8000 (KERNEL)

[TRACE] 11:12:17:299 cpu/(11947:11947): El socket : 4
[INFO] 11:12:17:311 cpu/(11947:11947): Cliente conectado en 127.0.0.1:8001 (a CPU)

[TRACE] 11:12:17:312 cpu/(11947:11947): El fd_cpu despues de grar conexiones es: 5
[INFO] 11:12:19:900 cpu/(11947:11947): Cliente conectado (a KERNEL)

[WARNING] 11:12:19:926 cpu/(11947:11956): Deserialice NO_OP el parametro es: 5
[WARNING] 11:12:19:945 cpu/(11947:11956): Deserialice IO el parametro es: 3000
[WARNING] 11:12:19:947 cpu/(11947:11956): Deserialice READ el parametro es: 0
[WARNING] 11:12:19:948 cpu/(11947:11956): Deserialice WRITE el parametro1 es: 4
[WARNING] 11:12:19:948 cpu/(11947:11956): Deserialice WRITE el parametro2 es: 42
[WARNING] 11:12:19:960 cpu/(11947:11956): Deserialice COPY el parametro1 es: 0
[WARNING] 11:12:19:961 cpu/(11947:11956): Deserialice COPY el parametro2 es: 4
[WARNING] 11:12:19:962 cpu/(11947:11956): Entre en EXIT
[TRACE] 11:12:19:985 cpu/(11947:11956): El PID ES: 1
[INFO] 11:12:19:993 cpu/(11947:11956): DISCONNECT!
[TRACE] 11:12:19:996 cpu/(11947:11956): El socket de cpu despues de grar conexiones es: 5
[INFO] 11:14:19:833 cpu/(12222:12222): Escuchando en 127.0.0.1:8000 (KERNEL)

[TRACE] 11:14:19:883 cpu/(12222:12222): El socket : 4
[INFO] 11:14:19:892 cpu/(12222:12222): Cliente conectado en 127.0.0.1:8001 (a CPU)

[TRACE] 11:14:19:893 cpu/(12222:12222): El fd_cpu despues de grar conexiones es: 5
[INFO] 11:14:22:659 cpu/(12222:12222): Cliente conectado (a KERNEL)

[WARNING] 11:14:22:682 cpu/(12222:12228): Deserialice NO_OP el parametro es: 5
[WARNING] 11:14:22:689 cpu/(12222:12228): Deserialice IO el parametro es: 3000
[WARNING] 11:14:22:691 cpu/(12222:12228): Deserialice READ el parametro es: 0
[WARNING] 11:14:22:692 cpu/(12222:12228): Deserialice WRITE el parametro1 es: 4
[WARNING] 11:14:22:692 cpu/(12222:12228): Deserialice WRITE el parametro2 es: 42
[WARNING] 11:14:22:694 cpu/(12222:12228): Deserialice COPY el parametro1 es: 0
[WARNING] 11:14:22:694 cpu/(12222:12228): Deserialice COPY el parametro2 es: 4
[WARNING] 11:14:22:695 cpu/(12222:12228): Entre en EXIT
[TRACE] 11:14:22:708 cpu/(12222:12228): El PID ES: 1
[INFO] 11:14:22:709 cpu/(12222:12228): DISCONNECT!
[TRACE] 11:14:22:717 cpu/(12222:12228): El socket de cpu despues de grar conexiones es: 5
[INFO] 11:15:51:378 cpu/(12456:12456): Escuchando en 127.0.0.1:8000 (KERNEL)

[TRACE] 11:15:51:429 cpu/(12456:12456): El socket : 4
[INFO] 11:15:51:439 cpu/(12456:12456): Cliente conectado en 127.0.0.1:8001 (a CPU)

[TRACE] 11:15:51:440 cpu/(12456:12456): El fd_cpu despues de grar conexiones es: 5
[INFO] 11:15:57:357 cpu/(12456:12456): Cliente conectado (a KERNEL)

[WARNING] 11:15:57:375 cpu/(12456:12468): Deserialice NO_OP el parametro es: 5
[WARNING] 11:15:57:381 cpu/(12456:12468): Deserialice IO el parametro es: 3000
[WARNING] 11:15:57:391 cpu/(12456:12468): Deserialice READ el parametro es: 0
[WARNING] 11:15:57:392 cpu/(12456:12468): Deserialice WRITE el parametro1 es: 4
[WARNING] 11:15:57:393 cpu/(12456:12468): Deserialice WRITE el parametro2 es: 42
[WARNING] 11:15:57:395 cpu/(12456:12468): Deserialice COPY el parametro1 es: 0
[WARNING] 11:15:57:395 cpu/(12456:12468): Deserialice COPY el parametro2 es: 4
[WARNING] 11:15:57:396 cpu/(12456:12468): Entre en EXIT
[TRACE] 11:15:57:411 cpu/(12456:12468): El PID ES: 1
[INFO] 11:15:57:411 cpu/(12456:12468): DISCONNECT!
[TRACE] 11:15:57:412 cpu/(12456:12468): El socket de cpu despues de grar conexiones es: 5
[INFO] 11:17:21:275 cpu/(12685:12685): Escuchando en 127.0.0.1:8000 (KERNEL)

[TRACE] 11:17:21:353 cpu/(12685:12685): El socket : 4
[INFO] 11:17:21:369 cpu/(12685:12685): Cliente conectado en 127.0.0.1:8001 (a CPU)

[TRACE] 11:17:21:370 cpu/(12685:12685): El fd_cpu despues de grar conexiones es: 5
[INFO] 11:17:24:349 cpu/(12685:12685): Cliente conectado (a KERNEL)

[WARNING] 11:17:24:401 cpu/(12685:12695): Deserialice NO_OP el parametro es: 5
[WARNING] 11:17:24:416 cpu/(12685:12695): Deserialice IO el parametro es: 3000
[WARNING] 11:17:24:425 cpu/(12685:12695): Deserialice READ el parametro es: 0
[WARNING] 11:17:24:437 cpu/(12685:12695): Deserialice WRITE el parametro1 es: 4
[WARNING] 11:17:24:439 cpu/(12685:12695): Deserialice WRITE el parametro2 es: 42
[WARNING] 11:17:24:440 cpu/(12685:12695): Deserialice COPY el parametro1 es: 0
[WARNING] 11:17:24:441 cpu/(12685:12695): Deserialice COPY el parametro2 es: 4
[WARNING] 11:17:24:441 cpu/(12685:12695): Entre en EXIT
[TRACE] 11:17:24:466 cpu/(12685:12695): El PID ES: 1
[INFO] 11:17:24:468 cpu/(12685:12695): DISCONNECT!
[TRACE] 11:17:24:469 cpu/(12685:12695): El socket de cpu despues de grar conexiones es: 5
[INFO] 11:19:19:679 cpu/(12976:12976): Escuchando en 127.0.0.1:8000 (KERNEL)

[TRACE] 11:19:19:733 cpu/(12976:12976): El socket : 4
[INFO] 11:19:19:743 cpu/(12976:12976): Cliente conectado en 127.0.0.1:8001 (a CPU)

[TRACE] 11:19:19:747 cpu/(12976:12976): El fd_cpu despues de grar conexiones es: 5
[INFO] 11:19:30:717 cpu/(12976:12976): Cliente conectado (a KERNEL)

[WARNING] 11:19:30:735 cpu/(12976:12995): Deserialice NO_OP el parametro es: 5
[WARNING] 11:19:30:740 cpu/(12976:12995): Deserialice IO el parametro es: 3000
[WARNING] 11:19:30:741 cpu/(12976:12995): Deserialice READ el parametro es: 0
[WARNING] 11:19:30:762 cpu/(12976:12995): Deserialice WRITE el parametro1 es: 4
[WARNING] 11:19:30:763 cpu/(12976:12995): Deserialice WRITE el parametro2 es: 42
[WARNING] 11:19:30:765 cpu/(12976:12995): Deserialice COPY el parametro1 es: 0
[WARNING] 11:19:30:765 cpu/(12976:12995): Deserialice COPY el parametro2 es: 4
[WARNING] 11:19:30:766 cpu/(12976:12995): Entre en EXIT
[TRACE] 11:19:30:792 cpu/(12976:12995): El PID ES: 1
[INFO] 11:19:30:794 cpu/(12976:12995): DISCONNECT!
[TRACE] 11:19:30:794 cpu/(12976:12995): El socket de cpu despues de grar conexiones es: 5
[INFO] 11:20:47:771 cpu/(13308:13308): Escuchando en 127.0.0.1:8000 (KERNEL)

[TRACE] 11:20:47:876 cpu/(13308:13308): El socket : 4
[INFO] 11:20:47:891 cpu/(13308:13308): Cliente conectado en 127.0.0.1:8001 (a CPU)

[TRACE] 11:20:47:901 cpu/(13308:13308): El fd_cpu despues de grar conexiones es: 5
[INFO] 11:20:50:170 cpu/(13308:13308): Cliente conectado (a KERNEL)

[WARNING] 11:20:50:199 cpu/(13308:13317): Deserialice NO_OP el parametro es: 5
[WARNING] 11:20:50:204 cpu/(13308:13317): Deserialice IO el parametro es: 3000
[WARNING] 11:20:50:205 cpu/(13308:13317): Deserialice READ el parametro es: 0
[WARNING] 11:20:50:206 cpu/(13308:13317): Deserialice WRITE el parametro1 es: 4
[WARNING] 11:20:50:207 cpu/(13308:13317): Deserialice WRITE el parametro2 es: 42
[WARNING] 11:20:50:208 cpu/(13308:13317): Deserialice COPY el parametro1 es: 0
[WARNING] 11:20:50:208 cpu/(13308:13317): Deserialice COPY el parametro2 es: 4
[WARNING] 11:20:50:209 cpu/(13308:13317): Entre en EXIT
[TRACE] 11:20:50:219 cpu/(13308:13317): El PID ES: 1
[INFO] 11:20:50:220 cpu/(13308:13317): DISCONNECT!
[TRACE] 11:20:50:220 cpu/(13308:13317): El socket de cpu despues de grar conexiones es: 5
[INFO] 11:47:20:439 cpu/(16198:16198): Escuchando en 127.0.0.1:8000 (KERNEL)

[TRACE] 11:47:20:496 cpu/(16198:16198): El socket : 4
[INFO] 11:47:20:507 cpu/(16198:16198): Cliente conectado en 127.0.0.1:8001 (a CPU)

[TRACE] 11:47:20:508 cpu/(16198:16198): El fd_cpu despues de grar conexiones es: 5
[INFO] 11:47:27:516 cpu/(16198:16198): Cliente conectado (a KERNEL)

[WARNING] 11:47:27:568 cpu/(16198:16210): Deserialice NO_OP el parametro es: 5
[WARNING] 11:47:27:573 cpu/(16198:16210): Deserialice IO el parametro es: 3000
[WARNING] 11:47:27:574 cpu/(16198:16210): Deserialice READ el parametro es: 0
[WARNING] 11:47:27:575 cpu/(16198:16210): Deserialice WRITE el parametro1 es: 4
[WARNING] 11:47:27:576 cpu/(16198:16210): Deserialice WRITE el parametro2 es: 42
[WARNING] 11:47:27:577 cpu/(16198:16210): Deserialice COPY el parametro1 es: 0
[WARNING] 11:47:27:587 cpu/(16198:16210): Deserialice COPY el parametro2 es: 4
[WARNING] 11:47:27:587 cpu/(16198:16210): Entre en EXIT
[TRACE] 11:47:27:591 cpu/(16198:16210): El PID ES: 1
[INFO] 11:47:27:591 cpu/(16198:16210): DISCONNECT!
[TRACE] 11:47:27:591 cpu/(16198:16210): El socket de cpu despues de grar conexiones es: 5
[INFO] 11:57:11:880 cpu/(17260:17260): Escuchando en 127.0.0.1:8000 (KERNEL)

[TRACE] 11:57:11:971 cpu/(17260:17260): El socket : 4
[INFO] 11:57:11:986 cpu/(17260:17260): Cliente conectado en 127.0.0.1:8001 (a CPU)

[TRACE] 11:57:11:990 cpu/(17260:17260): El fd_cpu despues de grar conexiones es: 5
[INFO] 11:57:16:085 cpu/(17260:17260): Cliente conectado (a KERNEL)

[WARNING] 11:57:16:108 cpu/(17260:17275): Deserialice NO_OP el parametro es: 5
[WARNING] 11:57:16:116 cpu/(17260:17275): Deserialice IO el parametro es: 3000
[WARNING] 11:57:16:117 cpu/(17260:17275): Deserialice READ el parametro es: 0
[WARNING] 11:57:16:119 cpu/(17260:17275): Deserialice WRITE el parametro1 es: 4
[WARNING] 11:57:16:120 cpu/(17260:17275): Deserialice WRITE el parametro2 es: 42
[WARNING] 11:57:16:121 cpu/(17260:17275): Deserialice COPY el parametro1 es: 0
[WARNING] 11:57:16:121 cpu/(17260:17275): Deserialice COPY el parametro2 es: 4
[WARNING] 11:57:16:122 cpu/(17260:17275): Entre en EXIT
[TRACE] 11:57:16:134 cpu/(17260:17275): El PID ES: 1
[INFO] 11:57:16:135 cpu/(17260:17275): DISCONNECT!
[TRACE] 11:57:16:135 cpu/(17260:17275): El socket de cpu despues de grar conexiones es: 5
[INFO] 11:57:26:262 cpu/(17260:17260): Cliente conectado (a KERNEL)

[WARNING] 11:57:26:281 cpu/(17260:17294): Deserialice NO_OP el parametro es: 5
[WARNING] 11:57:26:281 cpu/(17260:17294): Deserialice IO el parametro es: 3000
[WARNING] 11:57:26:281 cpu/(17260:17294): Deserialice READ el parametro es: 0
[WARNING] 11:57:26:282 cpu/(17260:17294): Deserialice WRITE el parametro1 es: 4
[WARNING] 11:57:26:282 cpu/(17260:17294): Deserialice WRITE el parametro2 es: 42
[WARNING] 11:57:26:282 cpu/(17260:17294): Deserialice COPY el parametro1 es: 0
[WARNING] 11:57:26:283 cpu/(17260:17294): Deserialice COPY el parametro2 es: 4
[WARNING] 11:57:26:283 cpu/(17260:17294): Entre en EXIT
[TRACE] 11:57:26:283 cpu/(17260:17294): El PID ES: 2
[INFO] 11:57:26:284 cpu/(17260:17294): DISCONNECT!
[TRACE] 11:57:26:284 cpu/(17260:17294): El socket de cpu despues de grar conexiones es: 5
[INFO] 11:58:14:445 cpu/(17456:17456): Escuchando en 127.0.0.1:8000 (KERNEL)

[TRACE] 11:58:14:511 cpu/(17456:17456): El socket : 4
[INFO] 11:58:14:521 cpu/(17456:17456): Cliente conectado en 127.0.0.1:8001 (a CPU)

[TRACE] 11:58:14:522 cpu/(17456:17456): El fd_cpu despues de grar conexiones es: 5
[INFO] 11:58:16:919 cpu/(17456:17456): Cliente conectado (a KERNEL)

[WARNING] 11:58:16:941 cpu/(17456:17466): Deserialice NO_OP el parametro es: 5
[WARNING] 11:58:16:949 cpu/(17456:17466): Deserialice IO el parametro es: 3000
[WARNING] 11:58:16:950 cpu/(17456:17466): Deserialice READ el parametro es: 0
[WARNING] 11:58:16:952 cpu/(17456:17466): Deserialice WRITE el parametro1 es: 4
[WARNING] 11:58:16:952 cpu/(17456:17466): Deserialice WRITE el parametro2 es: 42
[WARNING] 11:58:16:953 cpu/(17456:17466): Deserialice COPY el parametro1 es: 0
[WARNING] 11:58:16:954 cpu/(17456:17466): Deserialice COPY el parametro2 es: 4
[WARNING] 11:58:16:954 cpu/(17456:17466): Entre en EXIT
[TRACE] 11:58:16:961 cpu/(17456:17466): El PID ES: 1
[INFO] 11:58:16:961 cpu/(17456:17466): DISCONNECT!
[TRACE] 11:58:16:962 cpu/(17456:17466): El socket de cpu despues de grar conexiones es: 5
[INFO] 11:58:17:902 cpu/(17456:17456): Cliente conectado (a KERNEL)

[WARNING] 11:58:17:908 cpu/(17456:17468): Deserialice NO_OP el parametro es: 5
[WARNING] 11:58:17:920 cpu/(17456:17468): Deserialice IO el parametro es: 3000
[WARNING] 11:58:17:923 cpu/(17456:17468): Deserialice READ el parametro es: 0
[WARNING] 11:58:17:923 cpu/(17456:17468): Deserialice WRITE el parametro1 es: 4
[WARNING] 11:58:17:924 cpu/(17456:17468): Deserialice WRITE el parametro2 es: 42
[WARNING] 11:58:17:924 cpu/(17456:17468): Deserialice COPY el parametro1 es: 0
[WARNING] 11:58:17:924 cpu/(17456:17468): Deserialice COPY el parametro2 es: 4
[WARNING] 11:58:17:925 cpu/(17456:17468): Entre en EXIT
[TRACE] 11:58:17:925 cpu/(17456:17468): El PID ES: 2
[INFO] 11:58:17:926 cpu/(17456:17468): DISCONNECT!
[TRACE] 11:58:17:926 cpu/(17456:17468): El socket de cpu despues de grar conexiones es: 5
[INFO] 11:58:18:715 cpu/(17456:17456): Cliente conectado (a KERNEL)

[WARNING] 11:58:18:718 cpu/(17456:17470): Deserialice NO_OP el parametro es: 5
[WARNING] 11:58:18:719 cpu/(17456:17470): Deserialice IO el parametro es: 3000
[WARNING] 11:58:18:719 cpu/(17456:17470): Deserialice READ el parametro es: 0
[WARNING] 11:58:18:719 cpu/(17456:17470): Deserialice WRITE el parametro1 es: 4
[WARNING] 11:58:18:720 cpu/(17456:17470): Deserialice WRITE el parametro2 es: 42
[WARNING] 11:58:18:720 cpu/(17456:17470): Deserialice COPY el parametro1 es: 0
[WARNING] 11:58:18:720 cpu/(17456:17470): Deserialice COPY el parametro2 es: 4
[WARNING] 11:58:18:721 cpu/(17456:17470): Entre en EXIT
[TRACE] 11:58:18:721 cpu/(17456:17470): El PID ES: 3
[INFO] 11:58:18:722 cpu/(17456:17470): DISCONNECT!
[TRACE] 11:58:18:722 cpu/(17456:17470): El socket de cpu despues de grar conexiones es: 5
[INFO] 11:58:19:211 cpu/(17456:17456): Cliente conectado (a KERNEL)

[WARNING] 11:58:19:214 cpu/(17456:17472): Deserialice NO_OP el parametro es: 5
[WARNING] 11:58:19:214 cpu/(17456:17472): Deserialice IO el parametro es: 3000
[WARNING] 11:58:19:214 cpu/(17456:17472): Deserialice READ el parametro es: 0
[WARNING] 11:58:19:214 cpu/(17456:17472): Deserialice WRITE el parametro1 es: 4
[WARNING] 11:58:19:215 cpu/(17456:17472): Deserialice WRITE el parametro2 es: 42
[WARNING] 11:58:19:215 cpu/(17456:17472): Deserialice COPY el parametro1 es: 0
[WARNING] 11:58:19:215 cpu/(17456:17472): Deserialice COPY el parametro2 es: 4
[WARNING] 11:58:19:216 cpu/(17456:17472): Entre en EXIT
[TRACE] 11:58:19:216 cpu/(17456:17472): El PID ES: 4
[INFO] 11:58:19:217 cpu/(17456:17472): DISCONNECT!
[TRACE] 11:58:19:217 cpu/(17456:17472): El socket de cpu despues de grar conexiones es: 5
[INFO] 11:58:19:672 cpu/(17456:17456): Cliente conectado (a KERNEL)

[WARNING] 11:58:19:676 cpu/(17456:17474): Deserialice NO_OP el parametro es: 5
[WARNING] 11:58:19:676 cpu/(17456:17474): Deserialice IO el parametro es: 3000
[WARNING] 11:58:19:677 cpu/(17456:17474): Deserialice READ el parametro es: 0
[WARNING] 11:58:19:677 cpu/(17456:17474): Deserialice WRITE el parametro1 es: 4
[WARNING] 11:58:19:677 cpu/(17456:17474): Deserialice WRITE el parametro2 es: 42
[WARNING] 11:58:19:678 cpu/(17456:17474): Deserialice COPY el parametro1 es: 0
[WARNING] 11:58:19:678 cpu/(17456:17474): Deserialice COPY el parametro2 es: 4
[WARNING] 11:58:19:678 cpu/(17456:17474): Entre en EXIT
[TRACE] 11:58:19:679 cpu/(17456:17474): El PID ES: 5
[INFO] 11:58:19:679 cpu/(17456:17474): DISCONNECT!
[TRACE] 11:58:19:680 cpu/(17456:17474): El socket de cpu despues de grar conexiones es: 5
[INFO] 11:58:20:096 cpu/(17456:17456): Cliente conectado (a KERNEL)

[WARNING] 11:58:20:100 cpu/(17456:17479): Deserialice NO_OP el parametro es: 5
[WARNING] 11:58:20:100 cpu/(17456:17479): Deserialice IO el parametro es: 3000
[WARNING] 11:58:20:100 cpu/(17456:17479): Deserialice READ el parametro es: 0
[WARNING] 11:58:20:101 cpu/(17456:17479): Deserialice WRITE el parametro1 es: 4
[WARNING] 11:58:20:101 cpu/(17456:17479): Deserialice WRITE el parametro2 es: 42
[WARNING] 11:58:20:101 cpu/(17456:17479): Deserialice COPY el parametro1 es: 0
[WARNING] 11:58:20:102 cpu/(17456:17479): Deserialice COPY el parametro2 es: 4
[WARNING] 11:58:20:102 cpu/(17456:17479): Entre en EXIT
[TRACE] 11:58:20:103 cpu/(17456:17479): El PID ES: 6
[INFO] 11:58:20:103 cpu/(17456:17479): DISCONNECT!
[TRACE] 11:58:20:103 cpu/(17456:17479): El socket de cpu despues de grar conexiones es: 5
[INFO] 11:58:20:515 cpu/(17456:17456): Cliente conectado (a KERNEL)

[WARNING] 11:58:20:519 cpu/(17456:17481): Deserialice NO_OP el parametro es: 5
[WARNING] 11:58:20:519 cpu/(17456:17481): Deserialice IO el parametro es: 3000
[WARNING] 11:58:20:519 cpu/(17456:17481): Deserialice READ el parametro es: 0
[WARNING] 11:58:20:520 cpu/(17456:17481): Deserialice WRITE el parametro1 es: 4
[WARNING] 11:58:20:520 cpu/(17456:17481): Deserialice WRITE el parametro2 es: 42
[WARNING] 11:58:20:520 cpu/(17456:17481): Deserialice COPY el parametro1 es: 0
[WARNING] 11:58:20:520 cpu/(17456:17481): Deserialice COPY el parametro2 es: 4
[WARNING] 11:58:20:521 cpu/(17456:17481): Entre en EXIT
[TRACE] 11:58:20:521 cpu/(17456:17481): El PID ES: 7
[INFO] 11:58:20:522 cpu/(17456:17481): DISCONNECT!
[TRACE] 11:58:20:522 cpu/(17456:17481): El socket de cpu despues de grar conexiones es: 5
[INFO] 11:58:20:892 cpu/(17456:17456): Cliente conectado (a KERNEL)

[WARNING] 11:58:20:896 cpu/(17456:17483): Deserialice NO_OP el parametro es: 5
[WARNING] 11:58:20:896 cpu/(17456:17483): Deserialice IO el parametro es: 3000
[WARNING] 11:58:20:896 cpu/(17456:17483): Deserialice READ el parametro es: 0
[WARNING] 11:58:20:896 cpu/(17456:17483): Deserialice WRITE el parametro1 es: 4
[WARNING] 11:58:20:897 cpu/(17456:17483): Deserialice WRITE el parametro2 es: 42
[WARNING] 11:58:20:897 cpu/(17456:17483): Deserialice COPY el parametro1 es: 0
[WARNING] 11:58:20:897 cpu/(17456:17483): Deserialice COPY el parametro2 es: 4
[WARNING] 11:58:20:898 cpu/(17456:17483): Entre en EXIT
[TRACE] 11:58:20:898 cpu/(17456:17483): El PID ES: 8
[INFO] 11:58:20:899 cpu/(17456:17483): DISCONNECT!
[TRACE] 11:58:20:899 cpu/(17456:17483): El socket de cpu despues de grar conexiones es: 5
[INFO] 12:08:57:519 cpu/(18844:18844): Escuchando en 127.0.0.1:8000 (KERNEL)

[TRACE] 12:08:57:602 cpu/(18844:18844): El socket : 4
[INFO] 12:08:57:612 cpu/(18844:18844): Cliente conectado en 127.0.0.1:8001 (a CPU)

[TRACE] 12:08:57:613 cpu/(18844:18844): El fd_cpu despues de grar conexiones es: 5
[INFO] 12:09:01:262 cpu/(18844:18844): Cliente conectado (a KERNEL)

[WARNING] 12:09:01:286 cpu/(18844:18853): Deserialice NO_OP el parametro es: 5
[WARNING] 12:09:01:293 cpu/(18844:18853): Deserialice IO el parametro es: 3000
[WARNING] 12:09:01:294 cpu/(18844:18853): Deserialice READ el parametro es: 0
[WARNING] 12:09:01:296 cpu/(18844:18853): Deserialice WRITE el parametro1 es: 4
[WARNING] 12:09:01:296 cpu/(18844:18853): Deserialice WRITE el parametro2 es: 42
[WARNING] 12:09:01:298 cpu/(18844:18853): Deserialice COPY el parametro1 es: 0
[WARNING] 12:09:01:298 cpu/(18844:18853): Deserialice COPY el parametro2 es: 4
[WARNING] 12:09:01:299 cpu/(18844:18853): Entre en EXIT
[TRACE] 12:09:01:314 cpu/(18844:18853): El PID ES: 1
[INFO] 12:09:01:314 cpu/(18844:18853): DISCONNECT!
[TRACE] 12:09:01:315 cpu/(18844:18853): El socket de cpu despues de grar conexiones es: 5
[INFO] 12:10:24:879 cpu/(19078:19078): Escuchando en 127.0.0.1:8000 (KERNEL)

[TRACE] 12:10:24:928 cpu/(19078:19078): El socket : 4
[INFO] 12:10:24:937 cpu/(19078:19078): Cliente conectado en 127.0.0.1:8001 (a CPU)

[TRACE] 12:10:24:938 cpu/(19078:19078): El fd_cpu despues de grar conexiones es: 5
[INFO] 12:10:27:627 cpu/(19078:19078): Cliente conectado (a KERNEL)

[WARNING] 12:10:27:650 cpu/(19078:19088): Deserialice NO_OP el parametro es: 5
[WARNING] 12:10:27:658 cpu/(19078:19088): Deserialice IO el parametro es: 3000
[WARNING] 12:10:27:659 cpu/(19078:19088): Deserialice READ el parametro es: 0
[WARNING] 12:10:27:661 cpu/(19078:19088): Deserialice WRITE el parametro1 es: 4
[WARNING] 12:10:27:661 cpu/(19078:19088): Deserialice WRITE el parametro2 es: 42
[WARNING] 12:10:27:662 cpu/(19078:19088): Deserialice COPY el parametro1 es: 0
[WARNING] 12:10:27:662 cpu/(19078:19088): Deserialice COPY el parametro2 es: 4
[WARNING] 12:10:27:663 cpu/(19078:19088): Entre en EXIT
[TRACE] 12:10:27:700 cpu/(19078:19088): El PID ES: 1
[INFO] 12:10:27:700 cpu/(19078:19088): DISCONNECT!
[TRACE] 12:10:27:701 cpu/(19078:19088): El socket de cpu despues de grar conexiones es: 5
[INFO] 12:12:28:645 cpu/(19358:19358): Escuchando en 127.0.0.1:8000 (KERNEL)

[TRACE] 12:12:28:721 cpu/(19358:19358): El socket : 4
[INFO] 12:12:28:738 cpu/(19358:19358): Cliente conectado en 127.0.0.1:8001 (a CPU)

[TRACE] 12:12:28:740 cpu/(19358:19358): El fd_cpu despues de grar conexiones es: 5
[INFO] 12:12:31:004 cpu/(19358:19358): Cliente conectado (a KERNEL)

[WARNING] 12:12:31:030 cpu/(19358:19365): Deserialice NO_OP el parametro es: 5
[WARNING] 12:12:31:039 cpu/(19358:19365): Deserialice IO el parametro es: 3000
[WARNING] 12:12:31:040 cpu/(19358:19365): Deserialice READ el parametro es: 0
[WARNING] 12:12:31:041 cpu/(19358:19365): Deserialice WRITE el parametro1 es: 4
[WARNING] 12:12:31:042 cpu/(19358:19365): Deserialice WRITE el parametro2 es: 42
[WARNING] 12:12:31:043 cpu/(19358:19365): Deserialice COPY el parametro1 es: 0
[WARNING] 12:12:31:043 cpu/(19358:19365): Deserialice COPY el parametro2 es: 4
[WARNING] 12:12:31:044 cpu/(19358:19365): Entre en EXIT
[TRACE] 12:12:31:061 cpu/(19358:19365): El PID ES: 1
[INFO] 12:12:31:065 cpu/(19358:19365): DISCONNECT!
[TRACE] 12:12:31:070 cpu/(19358:19365): El socket de cpu despues de grar conexiones es: 5
[INFO] 12:22:21:056 cpu/(20393:20393): Escuchando en 127.0.0.1:8000 (KERNEL)

[TRACE] 12:22:21:107 cpu/(20393:20393): El socket : 4
[INFO] 12:22:21:118 cpu/(20393:20393): Cliente conectado en 127.0.0.1:8001 (a CPU)

[TRACE] 12:22:21:119 cpu/(20393:20393): El fd_cpu despues de grar conexiones es: 5
[INFO] 12:22:23:547 cpu/(20393:20393): Cliente conectado (a KERNEL)

[WARNING] 12:22:23:584 cpu/(20393:20403): Deserialice NO_OP el parametro es: 5
[WARNING] 12:22:23:600 cpu/(20393:20403): Deserialice IO el parametro es: 3000
[WARNING] 12:22:23:602 cpu/(20393:20403): Deserialice READ el parametro es: 0
[WARNING] 12:22:23:603 cpu/(20393:20403): Deserialice WRITE el parametro1 es: 4
[WARNING] 12:22:23:604 cpu/(20393:20403): Deserialice WRITE el parametro2 es: 42
[WARNING] 12:22:23:605 cpu/(20393:20403): Deserialice COPY el parametro1 es: 0
[WARNING] 12:22:23:605 cpu/(20393:20403): Deserialice COPY el parametro2 es: 4
[WARNING] 12:22:23:606 cpu/(20393:20403): Entre en EXIT
[TRACE] 12:22:23:624 cpu/(20393:20403): El PID ES: 1
[INFO] 12:22:23:625 cpu/(20393:20403): DISCONNECT!
[TRACE] 12:22:23:625 cpu/(20393:20403): El socket de cpu despues de grar conexiones es: 5
[INFO] 12:22:26:772 cpu/(20393:20393): Cliente conectado (a KERNEL)

[WARNING] 12:22:26:777 cpu/(20393:20408): Deserialice NO_OP el parametro es: 5
[WARNING] 12:22:26:778 cpu/(20393:20408): Deserialice IO el parametro es: 3000
[WARNING] 12:22:26:778 cpu/(20393:20408): Deserialice READ el parametro es: 0
[WARNING] 12:22:26:778 cpu/(20393:20408): Deserialice WRITE el parametro1 es: 4
[WARNING] 12:22:26:779 cpu/(20393:20408): Deserialice WRITE el parametro2 es: 42
[WARNING] 12:22:26:779 cpu/(20393:20408): Deserialice COPY el parametro1 es: 0
[WARNING] 12:22:26:779 cpu/(20393:20408): Deserialice COPY el parametro2 es: 4
[WARNING] 12:22:26:780 cpu/(20393:20408): Entre en EXIT
[TRACE] 12:22:26:781 cpu/(20393:20408): El PID ES: 2
[INFO] 12:22:26:781 cpu/(20393:20408): DISCONNECT!
[TRACE] 12:22:26:781 cpu/(20393:20408): El socket de cpu despues de grar conexiones es: 5
[INFO] 12:24:14:045 cpu/(20673:20673): Escuchando en 127.0.0.1:8000 (KERNEL)

[TRACE] 12:24:14:096 cpu/(20673:20673): El socket : 4
[INFO] 12:24:14:107 cpu/(20673:20673): Cliente conectado en 127.0.0.1:8001 (a CPU)

[TRACE] 12:24:14:107 cpu/(20673:20673): El fd_cpu despues de grar conexiones es: 5
[INFO] 12:24:16:425 cpu/(20673:20673): Cliente conectado (a KERNEL)

[WARNING] 12:24:16:448 cpu/(20673:20680): Deserialice NO_OP el parametro es: 5
[WARNING] 12:24:16:462 cpu/(20673:20680): Deserialice IO el parametro es: 3000
[WARNING] 12:24:16:464 cpu/(20673:20680): Deserialice READ el parametro es: 0
[WARNING] 12:24:16:466 cpu/(20673:20680): Deserialice WRITE el parametro1 es: 4
[WARNING] 12:24:16:466 cpu/(20673:20680): Deserialice WRITE el parametro2 es: 42
[WARNING] 12:24:16:467 cpu/(20673:20680): Deserialice COPY el parametro1 es: 0
[WARNING] 12:24:16:468 cpu/(20673:20680): Deserialice COPY el parametro2 es: 4
[WARNING] 12:24:16:468 cpu/(20673:20680): Entre en EXIT
[TRACE] 12:24:16:486 cpu/(20673:20680): El PID ES: 1
[INFO] 12:24:16:487 cpu/(20673:20680): DISCONNECT!
[TRACE] 12:24:16:487 cpu/(20673:20680): El socket de cpu despues de grar conexiones es: 5
[INFO] 12:28:28:883 cpu/(21240:21240): Escuchando en 127.0.0.1:8000 (KERNEL)

[TRACE] 12:28:28:934 cpu/(21240:21240): El socket : 4
[INFO] 12:28:28:944 cpu/(21240:21240): Cliente conectado en 127.0.0.1:8001 (a CPU)

[TRACE] 12:28:28:945 cpu/(21240:21240): El fd_cpu despues de grar conexiones es: 5
[INFO] 12:28:31:252 cpu/(21240:21240): Cliente conectado (a KERNEL)

[WARNING] 12:28:31:275 cpu/(21240:21246): Deserialice NO_OP el parametro es: 5
[WARNING] 12:28:31:282 cpu/(21240:21246): Deserialice IO el parametro es: 3000
[WARNING] 12:28:31:283 cpu/(21240:21246): Deserialice READ el parametro es: 0
[WARNING] 12:28:31:285 cpu/(21240:21246): Deserialice WRITE el parametro1 es: 4
[WARNING] 12:28:31:285 cpu/(21240:21246): Deserialice WRITE el parametro2 es: 42
[WARNING] 12:28:31:286 cpu/(21240:21246): Deserialice COPY el parametro1 es: 0
[WARNING] 12:28:31:287 cpu/(21240:21246): Deserialice COPY el parametro2 es: 4
[WARNING] 12:28:31:287 cpu/(21240:21246): Entre en EXIT
[TRACE] 12:28:31:296 cpu/(21240:21246): El PID ES: 1
[INFO] 12:28:31:296 cpu/(21240:21246): DISCONNECT!
[TRACE] 12:28:31:297 cpu/(21240:21246): El socket de cpu despues de grar conexiones es: 5
[INFO] 12:28:39:127 cpu/(21240:21240): Cliente conectado (a KERNEL)

[WARNING] 12:28:39:157 cpu/(21240:21262): Deserialice NO_OP el parametro es: 5
[WARNING] 12:28:39:161 cpu/(21240:21262): Deserialice IO el parametro es: 3000
[WARNING] 12:28:39:161 cpu/(21240:21262): Deserialice READ el parametro es: 0
[WARNING] 12:28:39:162 cpu/(21240:21262): Deserialice WRITE el parametro1 es: 4
[WARNING] 12:28:39:162 cpu/(21240:21262): Deserialice WRITE el parametro2 es: 42
[WARNING] 12:28:39:162 cpu/(21240:21262): Deserialice COPY el parametro1 es: 0
[WARNING] 12:28:39:163 cpu/(21240:21262): Deserialice COPY el parametro2 es: 4
[WARNING] 12:28:39:163 cpu/(21240:21262): Entre en EXIT
[TRACE] 12:28:39:168 cpu/(21240:21262): El PID ES: 2
[INFO] 12:28:39:168 cpu/(21240:21262): DISCONNECT!
[TRACE] 12:28:39:168 cpu/(21240:21262): El socket de cpu despues de grar conexiones es: 5
[INFO] 12:28:39:980 cpu/(21240:21240): Cliente conectado (a KERNEL)

[WARNING] 12:28:39:983 cpu/(21240:21264): Deserialice NO_OP el parametro es: 5
[WARNING] 12:28:39:983 cpu/(21240:21264): Deserialice IO el parametro es: 3000
[WARNING] 12:28:39:983 cpu/(21240:21264): Deserialice READ el parametro es: 0
[WARNING] 12:28:39:983 cpu/(21240:21264): Deserialice WRITE el parametro1 es: 4
[WARNING] 12:28:39:984 cpu/(21240:21264): Deserialice WRITE el parametro2 es: 42
[WARNING] 12:28:39:984 cpu/(21240:21264): Deserialice COPY el parametro1 es: 0
[WARNING] 12:28:39:984 cpu/(21240:21264): Deserialice COPY el parametro2 es: 4
[WARNING] 12:28:39:984 cpu/(21240:21264): Entre en EXIT
[TRACE] 12:28:39:985 cpu/(21240:21264): El PID ES: 3
[INFO] 12:28:39:985 cpu/(21240:21264): DISCONNECT!
[TRACE] 12:28:39:986 cpu/(21240:21264): El socket de cpu despues de grar conexiones es: 5
[INFO] 12:28:40:748 cpu/(21240:21240): Cliente conectado (a KERNEL)

[WARNING] 12:28:40:751 cpu/(21240:21266): Deserialice NO_OP el parametro es: 5
[WARNING] 12:28:40:752 cpu/(21240:21266): Deserialice IO el parametro es: 3000
[WARNING] 12:28:40:752 cpu/(21240:21266): Deserialice READ el parametro es: 0
[WARNING] 12:28:40:752 cpu/(21240:21266): Deserialice WRITE el parametro1 es: 4
[WARNING] 12:28:40:753 cpu/(21240:21266): Deserialice WRITE el parametro2 es: 42
[WARNING] 12:28:40:753 cpu/(21240:21266): Deserialice COPY el parametro1 es: 0
[WARNING] 12:28:40:753 cpu/(21240:21266): Deserialice COPY el parametro2 es: 4
[WARNING] 12:28:40:753 cpu/(21240:21266): Entre en EXIT
[TRACE] 12:28:40:754 cpu/(21240:21266): El PID ES: 4
[INFO] 12:28:40:754 cpu/(21240:21266): DISCONNECT!
[TRACE] 12:28:40:755 cpu/(21240:21266): El socket de cpu despues de grar conexiones es: 5
[INFO] 12:29:17:822 cpu/(21416:21416): Escuchando en 127.0.0.1:8000 (KERNEL)

[TRACE] 12:29:17:927 cpu/(21416:21416): El socket : 4
[INFO] 12:29:17:940 cpu/(21416:21416): Cliente conectado en 127.0.0.1:8001 (a CPU)

[TRACE] 12:29:17:949 cpu/(21416:21416): El fd_cpu despues de grar conexiones es: 5
[INFO] 12:29:20:480 cpu/(21416:21416): Cliente conectado (a KERNEL)

[WARNING] 12:29:20:501 cpu/(21416:21422): Deserialice NO_OP el parametro es: 5
[WARNING] 12:29:20:517 cpu/(21416:21422): Deserialice IO el parametro es: 3000
[WARNING] 12:29:20:518 cpu/(21416:21422): Deserialice READ el parametro es: 0
[WARNING] 12:29:20:520 cpu/(21416:21422): Deserialice WRITE el parametro1 es: 4
[WARNING] 12:29:20:520 cpu/(21416:21422): Deserialice WRITE el parametro2 es: 42
[WARNING] 12:29:20:521 cpu/(21416:21422): Deserialice COPY el parametro1 es: 0
[WARNING] 12:29:20:522 cpu/(21416:21422): Deserialice COPY el parametro2 es: 4
[WARNING] 12:29:20:522 cpu/(21416:21422): Entre en EXIT
[TRACE] 12:29:20:532 cpu/(21416:21422): El PID ES: 1
[INFO] 12:29:20:533 cpu/(21416:21422): DISCONNECT!
[TRACE] 12:29:20:533 cpu/(21416:21422): El socket de cpu despues de grar conexiones es: 5
[INFO] 12:29:28:333 cpu/(21416:21416): Cliente conectado (a KERNEL)

[WARNING] 12:29:28:338 cpu/(21416:21436): Deserialice NO_OP el parametro es: 5
[WARNING] 12:29:28:338 cpu/(21416:21436): Deserialice IO el parametro es: 3000
[WARNING] 12:29:28:338 cpu/(21416:21436): Deserialice READ el parametro es: 0
[WARNING] 12:29:28:339 cpu/(21416:21436): Deserialice WRITE el parametro1 es: 4
[WARNING] 12:29:28:339 cpu/(21416:21436): Deserialice WRITE el parametro2 es: 42
[WARNING] 12:29:28:339 cpu/(21416:21436): Deserialice COPY el parametro1 es: 0
[WARNING] 12:29:28:339 cpu/(21416:21436): Deserialice COPY el parametro2 es: 4
[WARNING] 12:29:28:340 cpu/(21416:21436): Entre en EXIT
[TRACE] 12:29:28:341 cpu/(21416:21436): El PID ES: 2
[INFO] 12:29:28:341 cpu/(21416:21436): DISCONNECT!
[TRACE] 12:29:28:341 cpu/(21416:21436): El socket de cpu despues de grar conexiones es: 5
[INFO] 12:29:29:726 cpu/(21416:21416): Cliente conectado (a KERNEL)

[WARNING] 12:29:29:729 cpu/(21416:21438): Deserialice NO_OP el parametro es: 5
[WARNING] 12:29:29:729 cpu/(21416:21438): Deserialice IO el parametro es: 3000
[WARNING] 12:29:29:730 cpu/(21416:21438): Deserialice READ el parametro es: 0
[WARNING] 12:29:29:730 cpu/(21416:21438): Deserialice WRITE el parametro1 es: 4
[WARNING] 12:29:29:730 cpu/(21416:21438): Deserialice WRITE el parametro2 es: 42
[WARNING] 12:29:29:731 cpu/(21416:21438): Deserialice COPY el parametro1 es: 0
[WARNING] 12:29:29:731 cpu/(21416:21438): Deserialice COPY el parametro2 es: 4
[WARNING] 12:29:29:731 cpu/(21416:21438): Entre en EXIT
[TRACE] 12:29:29:732 cpu/(21416:21438): El PID ES: 3
[INFO] 12:29:29:733 cpu/(21416:21438): DISCONNECT!
[TRACE] 12:29:29:733 cpu/(21416:21438): El socket de cpu despues de grar conexiones es: 5
[INFO] 12:29:30:527 cpu/(21416:21416): Cliente conectado (a KERNEL)

[WARNING] 12:29:30:530 cpu/(21416:21440): Deserialice NO_OP el parametro es: 5
[WARNING] 12:29:30:530 cpu/(21416:21440): Deserialice IO el parametro es: 3000
[WARNING] 12:29:30:531 cpu/(21416:21440): Deserialice READ el parametro es: 0
[WARNING] 12:29:30:531 cpu/(21416:21440): Deserialice WRITE el parametro1 es: 4
[WARNING] 12:29:30:531 cpu/(21416:21440): Deserialice WRITE el parametro2 es: 42
[WARNING] 12:29:30:532 cpu/(21416:21440): Deserialice COPY el parametro1 es: 0
[WARNING] 12:29:30:532 cpu/(21416:21440): Deserialice COPY el parametro2 es: 4
[WARNING] 12:29:30:532 cpu/(21416:21440): Entre en EXIT
[TRACE] 12:29:30:533 cpu/(21416:21440): El PID ES: 4
[INFO] 12:29:30:534 cpu/(21416:21440): DISCONNECT!
[TRACE] 12:29:30:534 cpu/(21416:21440): El socket de cpu despues de grar conexiones es: 5
[INFO] 12:30:39:807 cpu/(21647:21647): Escuchando en 127.0.0.1:8000 (KERNEL)

[TRACE] 12:30:39:903 cpu/(21647:21647): El socket : 4
[INFO] 12:30:39:921 cpu/(21647:21647): Cliente conectado en 127.0.0.1:8001 (a CPU)

[TRACE] 12:30:39:921 cpu/(21647:21647): El fd_cpu despues de grar conexiones es: 5
[INFO] 12:30:42:312 cpu/(21647:21647): Cliente conectado (a KERNEL)

[WARNING] 12:30:42:334 cpu/(21647:21653): Deserialice NO_OP el parametro es: 5
[WARNING] 12:30:42:339 cpu/(21647:21653): Deserialice IO el parametro es: 3000
[WARNING] 12:30:42:343 cpu/(21647:21653): Deserialice READ el parametro es: 0
[WARNING] 12:30:42:345 cpu/(21647:21653): Deserialice WRITE el parametro1 es: 4
[WARNING] 12:30:42:345 cpu/(21647:21653): Deserialice WRITE el parametro2 es: 42
[WARNING] 12:30:42:346 cpu/(21647:21653): Deserialice COPY el parametro1 es: 0
[WARNING] 12:30:42:347 cpu/(21647:21653): Deserialice COPY el parametro2 es: 4
[WARNING] 12:30:42:347 cpu/(21647:21653): Entre en EXIT
[TRACE] 12:30:42:357 cpu/(21647:21653): El PID ES: 1
[INFO] 12:30:42:357 cpu/(21647:21653): DISCONNECT!
[TRACE] 12:30:42:358 cpu/(21647:21653): El socket de cpu despues de grar conexiones es: 5
[INFO] 12:32:36:580 cpu/(21910:21910): Escuchando en 127.0.0.1:8000 (KERNEL)

[TRACE] 12:32:36:643 cpu/(21910:21910): El socket : 4
[INFO] 12:32:36:661 cpu/(21910:21910): Cliente conectado en 127.0.0.1:8001 (a CPU)

[TRACE] 12:32:36:662 cpu/(21910:21910): El fd_cpu despues de grar conexiones es: 5
[INFO] 12:32:39:469 cpu/(21910:21910): Cliente conectado (a KERNEL)

[WARNING] 12:32:39:508 cpu/(21910:21919): Deserialice NO_OP el parametro es: 5
[WARNING] 12:32:39:513 cpu/(21910:21919): Deserialice IO el parametro es: 3000
[WARNING] 12:32:39:514 cpu/(21910:21919): Deserialice READ el parametro es: 0
[WARNING] 12:32:39:519 cpu/(21910:21919): Deserialice WRITE el parametro1 es: 4
[WARNING] 12:32:39:520 cpu/(21910:21919): Deserialice WRITE el parametro2 es: 42
[WARNING] 12:32:39:524 cpu/(21910:21919): Deserialice COPY el parametro1 es: 0
[WARNING] 12:32:39:524 cpu/(21910:21919): Deserialice COPY el parametro2 es: 4
[WARNING] 12:32:39:525 cpu/(21910:21919): Entre en EXIT
[TRACE] 12:32:39:544 cpu/(21910:21919): El PID ES: 1
[INFO] 12:32:39:545 cpu/(21910:21919): DISCONNECT!
[TRACE] 12:32:39:545 cpu/(21910:21919): El socket de cpu despues de grar conexiones es: 5
[INFO] 12:35:18:011 cpu/(22246:22246): Escuchando en 127.0.0.1:8000 (KERNEL)

[TRACE] 12:35:18:149 cpu/(22246:22246): El socket : 4
[INFO] 12:35:18:162 cpu/(22246:22246): Cliente conectado en 127.0.0.1:8001 (a CPU)

[TRACE] 12:35:18:162 cpu/(22246:22246): El fd_cpu despues de grar conexiones es: 5
[INFO] 12:35:20:113 cpu/(22246:22246): Cliente conectado (a KERNEL)

[WARNING] 12:35:20:132 cpu/(22246:22252): Deserialice NO_OP el parametro es: 5
[WARNING] 12:35:20:147 cpu/(22246:22252): Deserialice IO el parametro es: 3000
[WARNING] 12:35:20:148 cpu/(22246:22252): Deserialice READ el parametro es: 0
[WARNING] 12:35:20:149 cpu/(22246:22252): Deserialice WRITE el parametro1 es: 4
[WARNING] 12:35:20:150 cpu/(22246:22252): Deserialice WRITE el parametro2 es: 42
[WARNING] 12:35:20:151 cpu/(22246:22252): Deserialice COPY el parametro1 es: 0
[WARNING] 12:35:20:152 cpu/(22246:22252): Deserialice COPY el parametro2 es: 4
[WARNING] 12:35:20:152 cpu/(22246:22252): Entre en EXIT
[TRACE] 12:35:20:164 cpu/(22246:22252): El PID ES: 1
[INFO] 12:35:20:164 cpu/(22246:22252): DISCONNECT!
[TRACE] 12:35:20:164 cpu/(22246:22252): El socket de cpu despues de grar conexiones es: 5
[INFO] 12:35:24:203 cpu/(22246:22246): Cliente conectado (a KERNEL)

[WARNING] 12:35:24:223 cpu/(22246:22260): Deserialice NO_OP el parametro es: 5
[WARNING] 12:35:24:224 cpu/(22246:22260): Deserialice IO el parametro es: 3000
[WARNING] 12:35:24:224 cpu/(22246:22260): Deserialice READ el parametro es: 0
[WARNING] 12:35:24:226 cpu/(22246:22260): Deserialice WRITE el parametro1 es: 4
[WARNING] 12:35:24:234 cpu/(22246:22260): Deserialice WRITE el parametro2 es: 42
[WARNING] 12:35:24:234 cpu/(22246:22260): Deserialice COPY el parametro1 es: 0
[WARNING] 12:35:24:235 cpu/(22246:22260): Deserialice COPY el parametro2 es: 4
[WARNING] 12:35:24:235 cpu/(22246:22260): Entre en EXIT
[TRACE] 12:35:24:236 cpu/(22246:22260): El PID ES: 2
[INFO] 12:35:24:237 cpu/(22246:22260): DISCONNECT!
[TRACE] 12:35:24:237 cpu/(22246:22260): El socket de cpu despues de grar conexiones es: 5
[INFO] 12:35:25:110 cpu/(22246:22246): Cliente conectado (a KERNEL)

[WARNING] 12:35:25:113 cpu/(22246:22262): Deserialice NO_OP el parametro es: 5
[WARNING] 12:35:25:113 cpu/(22246:22262): Deserialice IO el parametro es: 3000
[WARNING] 12:35:25:113 cpu/(22246:22262): Deserialice READ el parametro es: 0
[WARNING] 12:35:25:114 cpu/(22246:22262): Deserialice WRITE el parametro1 es: 4
[WARNING] 12:35:25:114 cpu/(22246:22262): Deserialice WRITE el parametro2 es: 42
[WARNING] 12:35:25:114 cpu/(22246:22262): Deserialice COPY el parametro1 es: 0
[WARNING] 12:35:25:115 cpu/(22246:22262): Deserialice COPY el parametro2 es: 4
[WARNING] 12:35:25:115 cpu/(22246:22262): Entre en EXIT
[TRACE] 12:35:25:116 cpu/(22246:22262): El PID ES: 3
[INFO] 12:35:25:116 cpu/(22246:22262): DISCONNECT!
[TRACE] 12:35:25:117 cpu/(22246:22262): El socket de cpu despues de grar conexiones es: 5
[INFO] 14:19:02:468 cpu/(4678:4678): Escuchando en 127.0.0.1:8000 (KERNEL)

[TRACE] 14:19:02:469 cpu/(4678:4678): El socket : 4
[INFO] 14:19:02:469 cpu/(4678:4678): Cliente conectado en 127.0.0.1:8001 (a CPU)

[TRACE] 14:19:02:469 cpu/(4678:4678): El fd_cpu despues de grar conexiones es: 5
[INFO] 14:19:08:518 cpu/(4678:4678): Cliente conectado (a KERNEL)

[WARNING] 14:19:08:521 cpu/(4678:4693): Deserialice NO_OP el parametro es: 5
[WARNING] 14:19:08:521 cpu/(4678:4693): Deserialice IO el parametro es: 3000
[WARNING] 14:19:08:521 cpu/(4678:4693): Deserialice READ el parametro es: 0
[WARNING] 14:19:08:521 cpu/(4678:4693): Deserialice WRITE el parametro1 es: 4
[WARNING] 14:19:08:521 cpu/(4678:4693): Deserialice WRITE el parametro2 es: 42
[WARNING] 14:19:08:521 cpu/(4678:4693): Deserialice COPY el parametro1 es: 0
[WARNING] 14:19:08:521 cpu/(4678:4693): Deserialice COPY el parametro2 es: 4
[WARNING] 14:19:08:521 cpu/(4678:4693): Entre en EXIT
[TRACE] 14:19:08:522 cpu/(4678:4693): El PID ES: 1
[INFO] 14:19:08:522 cpu/(4678:4693): DISCONNECT!
[TRACE] 14:19:08:522 cpu/(4678:4693): El socket de cpu despues de grar conexiones es: 5
[INFO] 10:49:52:833 cpu/(8191:8191): Escuchando en 127.0.0.1:8000 (KERNEL)

[TRACE] 10:49:52:835 cpu/(8191:8191): El socket : 4
[INFO] 10:49:52:835 cpu/(8191:8191): Cliente conectado en 127.0.0.1:8001 (a CPU)

[TRACE] 10:49:52:835 cpu/(8191:8191): El fd_cpu despues de grar conexiones es: 5
[INFO] 10:49:59:558 cpu/(8191:8191): Cliente conectado (a KERNEL)

[WARNING] 10:49:59:560 cpu/(8191:8200): Deserialice NO_OP el parametro es: 5
[WARNING] 10:49:59:560 cpu/(8191:8200): Deserialice IO el parametro es: 3000
[WARNING] 10:49:59:560 cpu/(8191:8200): Deserialice READ el parametro es: 0
[WARNING] 10:49:59:560 cpu/(8191:8200): Deserialice WRITE el parametro1 es: 4
[WARNING] 10:49:59:560 cpu/(8191:8200): Deserialice WRITE el parametro2 es: 42
[WARNING] 10:49:59:560 cpu/(8191:8200): Deserialice COPY el parametro1 es: 0
[WARNING] 10:49:59:560 cpu/(8191:8200): Deserialice COPY el parametro2 es: 4
[WARNING] 10:49:59:561 cpu/(8191:8200): Entre en EXIT
[ERROR] 10:49:59:561 cpu/(8191:8200): El socket dentro de send instrcciones es : 5
[WARNING] 10:49:59:561 cpu/(8191:8200): entre en NO_OP dentro de send_instrucciones
[WARNING] 10:49:59:561 cpu/(8191:8200): entre en I/O dentro de send_instrucciones
[WARNING] 10:49:59:561 cpu/(8191:8200): entre en READ dentro de send_instrucciones
[WARNING] 10:49:59:562 cpu/(8191:8200): entre en READ dentro de send_instrucciones
[WARNING] 10:49:59:562 cpu/(8191:8200): entre en COPY dentro de send_instrucciones
[WARNING] 10:49:59:562 cpu/(8191:8200): Entre en EXIT dentro de send_instrucciones
[TRACE] 10:49:59:562 cpu/(8191:8200): El PID ES: 1
[INFO] 10:49:59:562 cpu/(8191:8200): DISCONNECT!
[TRACE] 10:49:59:562 cpu/(8191:8200): El socket de cpu despues de grar conexiones es: 5
[INFO] 11:08:16:127 cpu/(10132:10132): Escuchando en 127.0.0.1:8000 (KERNEL)

[TRACE] 11:08:16:127 cpu/(10132:10132): El socket : 4
[INFO] 11:08:16:127 cpu/(10132:10132): Cliente conectado en 127.0.0.1:8001 (a CPU)

[TRACE] 11:08:16:127 cpu/(10132:10132): El fd_cpu despues de grar conexiones es: 5
[INFO] 11:08:19:090 cpu/(10132:10132): Cliente conectado (a KERNEL)

[WARNING] 11:08:19:093 cpu/(10132:10138): Deserialice NO_OP el parametro es: 5
[WARNING] 11:08:19:093 cpu/(10132:10138): Deserialice IO el parametro es: 3000
[WARNING] 11:08:19:093 cpu/(10132:10138): Deserialice READ el parametro es: 0
[WARNING] 11:08:19:093 cpu/(10132:10138): Deserialice WRITE el parametro1 es: 4
[WARNING] 11:08:19:093 cpu/(10132:10138): Deserialice WRITE el parametro2 es: 42
[WARNING] 11:08:19:093 cpu/(10132:10138): Deserialice COPY el parametro1 es: 0
[WARNING] 11:08:19:093 cpu/(10132:10138): Deserialice COPY el parametro2 es: 4
[WARNING] 11:08:19:093 cpu/(10132:10138): Entre en EXIT
[ERROR] 11:08:19:093 cpu/(10132:10138): El socket dentro de send instrcciones es : 5
[WARNING] 11:08:19:093 cpu/(10132:10138): entre en NO_OP dentro de send_instrucciones
[WARNING] 11:08:19:094 cpu/(10132:10138): entre en I/O dentro de send_instrucciones
[WARNING] 11:08:19:094 cpu/(10132:10138): entre en READ dentro de send_instrucciones
[WARNING] 11:08:19:094 cpu/(10132:10138): entre en READ dentro de send_instrucciones
[WARNING] 11:08:19:095 cpu/(10132:10138): entre en COPY dentro de send_instrucciones
[WARNING] 11:08:19:095 cpu/(10132:10138): Entre en EXIT dentro de send_instrucciones
[TRACE] 11:08:19:095 cpu/(10132:10138): El PID ES: 1
[INFO] 11:08:19:095 cpu/(10132:10138): DISCONNECT!
[TRACE] 11:08:19:095 cpu/(10132:10138): El socket de cpu despues de grar conexiones es: 5
[INFO] 11:17:17:066 cpu/(11039:11039): Escuchando en 127.0.0.1:8000 (KERNEL)

[TRACE] 11:17:17:066 cpu/(11039:11039): El socket : 4
[INFO] 11:17:17:066 cpu/(11039:11039): Cliente conectado en 127.0.0.1:8001 (a CPU)

[TRACE] 11:17:17:067 cpu/(11039:11039): El fd_cpu despues de grar conexiones es: 5
[INFO] 11:17:18:851 cpu/(11039:11039): Cliente conectado (a KERNEL)

[WARNING] 11:17:18:853 cpu/(11039:11045): Deserialice NO_OP el parametro es: 5
[WARNING] 11:17:18:853 cpu/(11039:11045): Deserialice IO el parametro es: 3000
[WARNING] 11:17:18:854 cpu/(11039:11045): Deserialice READ el parametro es: 0
[WARNING] 11:17:18:854 cpu/(11039:11045): Deserialice WRITE el parametro1 es: 4
[WARNING] 11:17:18:854 cpu/(11039:11045): Deserialice WRITE el parametro2 es: 42
[WARNING] 11:17:18:854 cpu/(11039:11045): Deserialice COPY el parametro1 es: 0
[WARNING] 11:17:18:854 cpu/(11039:11045): Deserialice COPY el parametro2 es: 4
[WARNING] 11:17:18:854 cpu/(11039:11045): Entre en EXIT
[ERROR] 11:17:18:854 cpu/(11039:11045): El socket dentro de send instrcciones es : 5
[WARNING] 11:17:18:854 cpu/(11039:11045): entre en NO_OP dentro de send_instrucciones
[WARNING] 11:17:18:854 cpu/(11039:11045): entre en I/O dentro de send_instrucciones
[WARNING] 11:17:18:855 cpu/(11039:11045): entre en READ dentro de send_instrucciones
[WARNING] 11:17:18:855 cpu/(11039:11045): entre en READ dentro de send_instrucciones
[WARNING] 11:17:18:855 cpu/(11039:11045): entre en COPY dentro de send_instrucciones
[WARNING] 11:17:18:855 cpu/(11039:11045): Entre en EXIT dentro de send_instrucciones
[TRACE] 11:17:18:855 cpu/(11039:11045): El PID ES: 1
[INFO] 11:17:18:855 cpu/(11039:11045): DISCONNECT!
[TRACE] 11:17:18:856 cpu/(11039:11045): El socket de cpu despues de grar conexiones es: 5
[INFO] 11:18:43:689 cpu/(11415:11415): Escuchando en 127.0.0.1:8000 (KERNEL)

[TRACE] 11:18:43:689 cpu/(11415:11415): El socket : 4
[INFO] 11:18:43:689 cpu/(11415:11415): Cliente conectado en 127.0.0.1:8001 (a CPU)

[TRACE] 11:18:43:689 cpu/(11415:11415): El fd_cpu despues de grar conexiones es: 5
[INFO] 11:18:50:242 cpu/(11415:11415): Cliente conectado (a KERNEL)

[WARNING] 11:18:50:245 cpu/(11415:11425): Deserialice NO_OP el parametro es: 5
[WARNING] 11:18:50:245 cpu/(11415:11425): Deserialice IO el parametro es: 3000
[WARNING] 11:18:50:245 cpu/(11415:11425): Deserialice READ el parametro es: 0
[WARNING] 11:18:50:245 cpu/(11415:11425): Deserialice WRITE el parametro1 es: 4
[WARNING] 11:18:50:245 cpu/(11415:11425): Deserialice WRITE el parametro2 es: 42
[WARNING] 11:18:50:245 cpu/(11415:11425): Deserialice COPY el parametro1 es: 0
[WARNING] 11:18:50:245 cpu/(11415:11425): Deserialice COPY el parametro2 es: 4
[WARNING] 11:18:50:245 cpu/(11415:11425): Entre en EXIT
[ERROR] 11:18:50:245 cpu/(11415:11425): El socket dentro de send instrcciones es : 5
[WARNING] 11:18:50:245 cpu/(11415:11425): entre en NO_OP dentro de send_instrucciones
[WARNING] 11:18:50:246 cpu/(11415:11425): entre en I/O dentro de send_instrucciones
[WARNING] 11:18:50:246 cpu/(11415:11425): entre en READ dentro de send_instrucciones
[WARNING] 11:18:50:246 cpu/(11415:11425): entre en READ dentro de send_instrucciones
[WARNING] 11:18:50:247 cpu/(11415:11425): entre en COPY dentro de send_instrucciones
[WARNING] 11:18:50:247 cpu/(11415:11425): Entre en EXIT dentro de send_instrucciones
[TRACE] 11:18:50:247 cpu/(11415:11425): El PID ES: 1
[INFO] 11:18:50:247 cpu/(11415:11425): DISCONNECT!
[TRACE] 11:18:50:247 cpu/(11415:11425): El socket de cpu despues de grar conexiones es: 5
[INFO] 11:19:33:380 cpu/(11415:11415): Cliente conectado (a KERNEL)

[WARNING] 11:19:33:382 cpu/(11415:11496): Deserialice NO_OP el parametro es: 5
[WARNING] 11:19:33:382 cpu/(11415:11496): Deserialice IO el parametro es: 3000
[WARNING] 11:19:33:382 cpu/(11415:11496): Deserialice READ el parametro es: 0
[WARNING] 11:19:33:382 cpu/(11415:11496): Deserialice WRITE el parametro1 es: 4
[WARNING] 11:19:33:382 cpu/(11415:11496): Deserialice WRITE el parametro2 es: 42
[WARNING] 11:19:33:383 cpu/(11415:11496): Deserialice COPY el parametro1 es: 0
[WARNING] 11:19:33:383 cpu/(11415:11496): Deserialice COPY el parametro2 es: 4
[WARNING] 11:19:33:383 cpu/(11415:11496): Entre en EXIT
[ERROR] 11:19:33:383 cpu/(11415:11496): El socket dentro de send instrcciones es : 5
[WARNING] 11:19:33:383 cpu/(11415:11496): entre en NO_OP dentro de send_instrucciones
[WARNING] 11:19:33:383 cpu/(11415:11496): entre en I/O dentro de send_instrucciones
[WARNING] 11:19:33:384 cpu/(11415:11496): entre en READ dentro de send_instrucciones
[WARNING] 11:19:33:384 cpu/(11415:11496): entre en READ dentro de send_instrucciones
[WARNING] 11:19:33:384 cpu/(11415:11496): entre en COPY dentro de send_instrucciones
[WARNING] 11:19:33:384 cpu/(11415:11496): Entre en EXIT dentro de send_instrucciones
[TRACE] 11:19:33:384 cpu/(11415:11496): El PID ES: 2
[INFO] 11:19:33:384 cpu/(11415:11496): DISCONNECT!
[TRACE] 11:19:33:384 cpu/(11415:11496): El socket de cpu despues de grar conexiones es: 5
[INFO] 11:24:18:332 cpu/(12026:12026): Escuchando en 127.0.0.1:8000 (KERNEL)

[TRACE] 11:24:18:333 cpu/(12026:12026): El socket : 4
[INFO] 11:24:18:333 cpu/(12026:12026): Cliente conectado en 127.0.0.1:8001 (a CPU)

[TRACE] 11:24:18:333 cpu/(12026:12026): El fd_cpu despues de grar conexiones es: 5
[INFO] 11:24:21:878 cpu/(12026:12026): Cliente conectado (a KERNEL)

[WARNING] 11:24:21:880 cpu/(12026:12032): Deserialice NO_OP el parametro es: 5
[WARNING] 11:24:21:881 cpu/(12026:12032): Deserialice IO el parametro es: 3000
[WARNING] 11:24:21:881 cpu/(12026:12032): Deserialice READ el parametro es: 0
[WARNING] 11:24:21:881 cpu/(12026:12032): Deserialice WRITE el parametro1 es: 4
[WARNING] 11:24:21:881 cpu/(12026:12032): Deserialice WRITE el parametro2 es: 42
[WARNING] 11:24:21:881 cpu/(12026:12032): Deserialice COPY el parametro1 es: 0
[WARNING] 11:24:21:881 cpu/(12026:12032): Deserialice COPY el parametro2 es: 4
[WARNING] 11:24:21:881 cpu/(12026:12032): Entre en EXIT
[ERROR] 11:24:21:881 cpu/(12026:12032): El socket dentro de send instrcciones es : 5
[WARNING] 11:24:21:881 cpu/(12026:12032): entre en NO_OP dentro de send_instrucciones
[WARNING] 11:24:21:882 cpu/(12026:12032): entre en I/O dentro de send_instrucciones
[WARNING] 11:24:21:882 cpu/(12026:12032): entre en READ dentro de send_instrucciones
[WARNING] 11:24:21:882 cpu/(12026:12032): entre en READ dentro de send_instrucciones
[WARNING] 11:24:21:882 cpu/(12026:12032): entre en COPY dentro de send_instrucciones
[WARNING] 11:24:21:883 cpu/(12026:12032): Entre en EXIT dentro de send_instrucciones
[TRACE] 11:24:21:883 cpu/(12026:12032): El PID ES: 1
[INFO] 11:24:21:883 cpu/(12026:12032): DISCONNECT!
[TRACE] 11:24:21:883 cpu/(12026:12032): El socket de cpu despues de grar conexiones es: 5
[INFO] 11:34:08:798 cpu/(13053:13053): Escuchando en 127.0.0.1:8000 (KERNEL)

[TRACE] 11:34:08:798 cpu/(13053:13053): El socket : 4
[INFO] 11:34:08:798 cpu/(13053:13053): Cliente conectado en 127.0.0.1:8001 (a CPU)

[TRACE] 11:34:08:798 cpu/(13053:13053): El fd_cpu despues de grar conexiones es: 5
[INFO] 11:34:11:248 cpu/(13053:13053): Cliente conectado (a KERNEL)

[WARNING] 11:34:11:250 cpu/(13053:13056): Deserialice NO_OP el parametro es: 5
[WARNING] 11:34:11:250 cpu/(13053:13056): Deserialice IO el parametro es: 3000
[WARNING] 11:34:11:250 cpu/(13053:13056): Deserialice READ el parametro es: 0
[WARNING] 11:34:11:250 cpu/(13053:13056): Deserialice WRITE el parametro1 es: 4
[WARNING] 11:34:11:250 cpu/(13053:13056): Deserialice WRITE el parametro2 es: 42
[WARNING] 11:34:11:250 cpu/(13053:13056): Deserialice COPY el parametro1 es: 0
[WARNING] 11:34:11:251 cpu/(13053:13056): Deserialice COPY el parametro2 es: 4
[WARNING] 11:34:11:251 cpu/(13053:13056): Entre en EXIT
[ERROR] 11:34:11:251 cpu/(13053:13056): El socket dentro de send instrcciones es : 5
[WARNING] 11:34:11:251 cpu/(13053:13056): entre en NO_OP dentro de send_instrucciones
[WARNING] 11:34:11:251 cpu/(13053:13056): entre en I/O dentro de send_instrucciones
[WARNING] 11:34:11:251 cpu/(13053:13056): entre en READ dentro de send_instrucciones
[WARNING] 11:34:11:252 cpu/(13053:13056): entre en READ dentro de send_instrucciones
[WARNING] 11:34:11:252 cpu/(13053:13056): entre en COPY dentro de send_instrucciones
[WARNING] 11:34:11:253 cpu/(13053:13056): Entre en EXIT dentro de send_instrucciones
[TRACE] 11:34:11:253 cpu/(13053:13056): El PID ES: 1
[INFO] 11:34:11:253 cpu/(13053:13056): DISCONNECT!
[TRACE] 11:34:11:253 cpu/(13053:13056): El socket de cpu despues de grar conexiones es: 5
[INFO] 11:34:22:383 cpu/(13053:13053): Cliente conectado (a KERNEL)

[WARNING] 11:34:22:385 cpu/(13053:13078): Deserialice NO_OP el parametro es: 5
[WARNING] 11:34:22:385 cpu/(13053:13078): Deserialice IO el parametro es: 3000
[WARNING] 11:34:22:386 cpu/(13053:13078): Deserialice READ el parametro es: 0
[WARNING] 11:34:22:386 cpu/(13053:13078): Deserialice WRITE el parametro1 es: 4
[WARNING] 11:34:22:386 cpu/(13053:13078): Deserialice WRITE el parametro2 es: 42
[WARNING] 11:34:22:386 cpu/(13053:13078): Deserialice COPY el parametro1 es: 0
[WARNING] 11:34:22:386 cpu/(13053:13078): Deserialice COPY el parametro2 es: 4
[WARNING] 11:34:22:386 cpu/(13053:13078): Entre en EXIT
[ERROR] 11:34:22:386 cpu/(13053:13078): El socket dentro de send instrcciones es : 5
[WARNING] 11:34:22:386 cpu/(13053:13078): entre en NO_OP dentro de send_instrucciones
[WARNING] 11:34:22:386 cpu/(13053:13078): entre en I/O dentro de send_instrucciones
[WARNING] 11:34:22:387 cpu/(13053:13078): entre en READ dentro de send_instrucciones
[WARNING] 11:34:22:387 cpu/(13053:13078): entre en READ dentro de send_instrucciones
[WARNING] 11:34:22:387 cpu/(13053:13078): entre en COPY dentro de send_instrucciones
[WARNING] 11:34:22:387 cpu/(13053:13078): Entre en EXIT dentro de send_instrucciones
[TRACE] 11:34:22:387 cpu/(13053:13078): El PID ES: 2
[INFO] 11:34:22:387 cpu/(13053:13078): DISCONNECT!
[TRACE] 11:34:22:388 cpu/(13053:13078): El socket de cpu despues de grar conexiones es: 5
[INFO] 11:34:23:336 cpu/(13053:13053): Cliente conectado (a KERNEL)

[WARNING] 11:34:23:338 cpu/(13053:13080): Deserialice NO_OP el parametro es: 5
[WARNING] 11:34:23:339 cpu/(13053:13080): Deserialice IO el parametro es: 3000
[WARNING] 11:34:23:339 cpu/(13053:13080): Deserialice READ el parametro es: 0
[WARNING] 11:34:23:339 cpu/(13053:13080): Deserialice WRITE el parametro1 es: 4
[WARNING] 11:34:23:339 cpu/(13053:13080): Deserialice WRITE el parametro2 es: 42
[WARNING] 11:34:23:339 cpu/(13053:13080): Deserialice COPY el parametro1 es: 0
[WARNING] 11:34:23:339 cpu/(13053:13080): Deserialice COPY el parametro2 es: 4
[WARNING] 11:34:23:339 cpu/(13053:13080): Entre en EXIT
[ERROR] 11:34:23:339 cpu/(13053:13080): El socket dentro de send instrcciones es : 5
[WARNING] 11:34:23:339 cpu/(13053:13080): entre en NO_OP dentro de send_instrucciones
[WARNING] 11:34:23:339 cpu/(13053:13080): entre en I/O dentro de send_instrucciones
[WARNING] 11:34:23:340 cpu/(13053:13080): entre en READ dentro de send_instrucciones
[WARNING] 11:34:23:340 cpu/(13053:13080): entre en READ dentro de send_instrucciones
[WARNING] 11:34:23:340 cpu/(13053:13080): entre en COPY dentro de send_instrucciones
[WARNING] 11:34:23:340 cpu/(13053:13080): Entre en EXIT dentro de send_instrucciones
[TRACE] 11:34:23:340 cpu/(13053:13080): El PID ES: 3
[INFO] 11:34:23:340 cpu/(13053:13080): DISCONNECT!
[TRACE] 11:34:23:340 cpu/(13053:13080): El socket de cpu despues de grar conexiones es: 5
[INFO] 11:34:25:642 cpu/(13053:13053): Cliente conectado (a KERNEL)

[WARNING] 11:34:25:645 cpu/(13053:13085): Deserialice NO_OP el parametro es: 5
[WARNING] 11:34:25:645 cpu/(13053:13085): Deserialice IO el parametro es: 3000
[WARNING] 11:34:25:645 cpu/(13053:13085): Deserialice READ el parametro es: 0
[WARNING] 11:34:25:645 cpu/(13053:13085): Deserialice WRITE el parametro1 es: 4
[WARNING] 11:34:25:645 cpu/(13053:13085): Deserialice WRITE el parametro2 es: 42
[WARNING] 11:34:25:645 cpu/(13053:13085): Deserialice COPY el parametro1 es: 0
[WARNING] 11:34:25:645 cpu/(13053:13085): Deserialice COPY el parametro2 es: 4
[WARNING] 11:34:25:645 cpu/(13053:13085): Entre en EXIT
[ERROR] 11:34:25:645 cpu/(13053:13085): El socket dentro de send instrcciones es : 5
[WARNING] 11:34:25:645 cpu/(13053:13085): entre en NO_OP dentro de send_instrucciones
[WARNING] 11:34:25:645 cpu/(13053:13085): entre en I/O dentro de send_instrucciones
[WARNING] 11:34:25:646 cpu/(13053:13085): entre en READ dentro de send_instrucciones
[WARNING] 11:34:25:646 cpu/(13053:13085): entre en READ dentro de send_instrucciones
[WARNING] 11:34:25:646 cpu/(13053:13085): entre en COPY dentro de send_instrucciones
[WARNING] 11:34:25:646 cpu/(13053:13085): Entre en EXIT dentro de send_instrucciones
[TRACE] 11:34:25:647 cpu/(13053:13085): El PID ES: 4
[INFO] 11:34:25:647 cpu/(13053:13085): DISCONNECT!
[TRACE] 11:34:25:647 cpu/(13053:13085): El socket de cpu despues de grar conexiones es: 5
[INFO] 11:36:04:273 cpu/(13229:13229): Escuchando en 127.0.0.1:8000 (KERNEL)

[TRACE] 11:36:04:274 cpu/(13229:13229): El socket : 4
[INFO] 11:36:04:274 cpu/(13229:13229): Cliente conectado en 127.0.0.1:8001 (a CPU)

[TRACE] 11:36:04:274 cpu/(13229:13229): El fd_cpu despues de grar conexiones es: 5
[INFO] 11:36:06:016 cpu/(13229:13229): Cliente conectado (a KERNEL)

[WARNING] 11:36:06:018 cpu/(13229:13232): Deserialice NO_OP el parametro es: 5
[WARNING] 11:36:06:018 cpu/(13229:13232): Deserialice IO el parametro es: 3000
[WARNING] 11:36:06:018 cpu/(13229:13232): Deserialice READ el parametro es: 0
[WARNING] 11:36:06:018 cpu/(13229:13232): Deserialice WRITE el parametro1 es: 4
[WARNING] 11:36:06:018 cpu/(13229:13232): Deserialice WRITE el parametro2 es: 42
[WARNING] 11:36:06:018 cpu/(13229:13232): Deserialice COPY el parametro1 es: 0
[WARNING] 11:36:06:018 cpu/(13229:13232): Deserialice COPY el parametro2 es: 4
[WARNING] 11:36:06:018 cpu/(13229:13232): Entre en EXIT
[ERROR] 11:36:06:018 cpu/(13229:13232): El socket dentro de send instrcciones es : 5
[WARNING] 11:36:06:019 cpu/(13229:13232): entre en NO_OP dentro de send_instrucciones
[WARNING] 11:36:06:019 cpu/(13229:13232): entre en I/O dentro de send_instrucciones
[WARNING] 11:36:06:019 cpu/(13229:13232): entre en READ dentro de send_instrucciones
[WARNING] 11:36:06:019 cpu/(13229:13232): entre en READ dentro de send_instrucciones
[WARNING] 11:36:06:020 cpu/(13229:13232): entre en COPY dentro de send_instrucciones
[WARNING] 11:36:06:020 cpu/(13229:13232): Entre en EXIT dentro de send_instrucciones
[TRACE] 11:36:06:021 cpu/(13229:13232): El PID ES: 1
[INFO] 11:36:06:021 cpu/(13229:13232): DISCONNECT!
[TRACE] 11:36:06:021 cpu/(13229:13232): El socket de cpu despues de grar conexiones es: 5
[INFO] 11:50:02:501 cpu/(14936:14936): Escuchando en 127.0.0.1:8000 (KERNEL)

[TRACE] 11:50:02:501 cpu/(14936:14936): El socket : 4
[INFO] 11:50:02:501 cpu/(14936:14936): Cliente conectado en 127.0.0.1:8001 (a CPU)

[TRACE] 11:50:02:501 cpu/(14936:14936): El fd_cpu despues de grar conexiones es: 5
[INFO] 11:50:04:944 cpu/(14936:14936): Cliente conectado (a KERNEL)

[WARNING] 11:50:04:946 cpu/(14936:14942): Deserialice NO_OP el parametro es: 5
[WARNING] 11:50:04:946 cpu/(14936:14942): Deserialice IO el parametro es: 3000
[WARNING] 11:50:04:947 cpu/(14936:14942): Deserialice READ el parametro es: 0
[WARNING] 11:50:04:947 cpu/(14936:14942): Deserialice WRITE el parametro1 es: 4
[WARNING] 11:50:04:947 cpu/(14936:14942): Deserialice WRITE el parametro2 es: 42
[WARNING] 11:50:04:947 cpu/(14936:14942): Deserialice COPY el parametro1 es: 0
[WARNING] 11:50:04:947 cpu/(14936:14942): Deserialice COPY el parametro2 es: 4
[WARNING] 11:50:04:947 cpu/(14936:14942): Entre en EXIT
[ERROR] 11:50:04:947 cpu/(14936:14942): El socket dentro de send instrcciones es : 5
[WARNING] 11:50:04:947 cpu/(14936:14942): entre en NO_OP dentro de send_instrucciones
[WARNING] 11:50:04:947 cpu/(14936:14942): entre en I/O dentro de send_instrucciones
[WARNING] 11:50:04:948 cpu/(14936:14942): entre en READ dentro de send_instrucciones
[WARNING] 11:50:04:948 cpu/(14936:14942): entre en READ dentro de send_instrucciones
[WARNING] 11:50:04:948 cpu/(14936:14942): entre en COPY dentro de send_instrucciones
[WARNING] 11:50:04:949 cpu/(14936:14942): Entre en EXIT dentro de send_instrucciones
[TRACE] 11:50:04:949 cpu/(14936:14942): El PID ES: 1
[INFO] 11:50:04:949 cpu/(14936:14942): DISCONNECT!
[TRACE] 11:50:04:949 cpu/(14936:14942): El socket de cpu despues de grar conexiones es: 5
[INFO] 11:50:07:385 cpu/(14936:14936): Cliente conectado (a KERNEL)

[WARNING] 11:50:07:387 cpu/(14936:14947): Deserialice NO_OP el parametro es: 5
[WARNING] 11:50:07:387 cpu/(14936:14947): Deserialice IO el parametro es: 3000
[WARNING] 11:50:07:388 cpu/(14936:14947): Deserialice READ el parametro es: 0
[WARNING] 11:50:07:388 cpu/(14936:14947): Deserialice WRITE el parametro1 es: 4
[WARNING] 11:50:07:388 cpu/(14936:14947): Deserialice WRITE el parametro2 es: 42
[WARNING] 11:50:07:388 cpu/(14936:14947): Deserialice COPY el parametro1 es: 0
[WARNING] 11:50:07:388 cpu/(14936:14947): Deserialice COPY el parametro2 es: 4
[WARNING] 11:50:07:388 cpu/(14936:14947): Entre en EXIT
[ERROR] 11:50:07:388 cpu/(14936:14947): El socket dentro de send instrcciones es : 5
[WARNING] 11:50:07:388 cpu/(14936:14947): entre en NO_OP dentro de send_instrucciones
[WARNING] 11:50:07:388 cpu/(14936:14947): entre en I/O dentro de send_instrucciones
[WARNING] 11:50:07:389 cpu/(14936:14947): entre en READ dentro de send_instrucciones
[WARNING] 11:50:07:389 cpu/(14936:14947): entre en READ dentro de send_instrucciones
[WARNING] 11:50:07:389 cpu/(14936:14947): entre en COPY dentro de send_instrucciones
[WARNING] 11:50:07:390 cpu/(14936:14947): Entre en EXIT dentro de send_instrucciones
[TRACE] 11:50:07:390 cpu/(14936:14947): El PID ES: 2
[INFO] 11:50:07:390 cpu/(14936:14947): DISCONNECT!
[TRACE] 11:50:07:390 cpu/(14936:14947): El socket de cpu despues de grar conexiones es: 5
[INFO] 11:50:08:338 cpu/(14936:14936): Cliente conectado (a KERNEL)

[WARNING] 11:50:08:340 cpu/(14936:14949): Deserialice NO_OP el parametro es: 5
[WARNING] 11:50:08:340 cpu/(14936:14949): Deserialice IO el parametro es: 3000
[WARNING] 11:50:08:340 cpu/(14936:14949): Deserialice READ el parametro es: 0
[WARNING] 11:50:08:340 cpu/(14936:14949): Deserialice WRITE el parametro1 es: 4
[WARNING] 11:50:08:340 cpu/(14936:14949): Deserialice WRITE el parametro2 es: 42
[WARNING] 11:50:08:340 cpu/(14936:14949): Deserialice COPY el parametro1 es: 0
[WARNING] 11:50:08:340 cpu/(14936:14949): Deserialice COPY el parametro2 es: 4
[WARNING] 11:50:08:340 cpu/(14936:14949): Entre en EXIT
[ERROR] 11:50:08:340 cpu/(14936:14949): El socket dentro de send instrcciones es : 5
[WARNING] 11:50:08:340 cpu/(14936:14949): entre en NO_OP dentro de send_instrucciones
[WARNING] 11:50:08:341 cpu/(14936:14949): entre en I/O dentro de send_instrucciones
[WARNING] 11:50:08:341 cpu/(14936:14949): entre en READ dentro de send_instrucciones
[WARNING] 11:50:08:341 cpu/(14936:14949): entre en READ dentro de send_instrucciones
[WARNING] 11:50:08:342 cpu/(14936:14949): entre en COPY dentro de send_instrucciones
[WARNING] 11:50:08:342 cpu/(14936:14949): Entre en EXIT dentro de send_instrucciones
[TRACE] 11:50:08:342 cpu/(14936:14949): El PID ES: 3
[INFO] 11:50:08:342 cpu/(14936:14949): DISCONNECT!
[TRACE] 11:50:08:342 cpu/(14936:14949): El socket de cpu despues de grar conexiones es: 5
[INFO] 11:50:09:059 cpu/(14936:14936): Cliente conectado (a KERNEL)

[WARNING] 11:50:09:062 cpu/(14936:14954): Deserialice NO_OP el parametro es: 5
[WARNING] 11:50:09:062 cpu/(14936:14954): Deserialice IO el parametro es: 3000
[WARNING] 11:50:09:062 cpu/(14936:14954): Deserialice READ el parametro es: 0
[WARNING] 11:50:09:062 cpu/(14936:14954): Deserialice WRITE el parametro1 es: 4
[WARNING] 11:50:09:062 cpu/(14936:14954): Deserialice WRITE el parametro2 es: 42
[WARNING] 11:50:09:062 cpu/(14936:14954): Deserialice COPY el parametro1 es: 0
[WARNING] 11:50:09:062 cpu/(14936:14954): Deserialice COPY el parametro2 es: 4
[WARNING] 11:50:09:062 cpu/(14936:14954): Entre en EXIT
[ERROR] 11:50:09:062 cpu/(14936:14954): El socket dentro de send instrcciones es : 5
[WARNING] 11:50:09:062 cpu/(14936:14954): entre en NO_OP dentro de send_instrucciones
[WARNING] 11:50:09:063 cpu/(14936:14954): entre en I/O dentro de send_instrucciones
[WARNING] 11:50:09:063 cpu/(14936:14954): entre en READ dentro de send_instrucciones
[WARNING] 11:50:09:063 cpu/(14936:14954): entre en READ dentro de send_instrucciones
[WARNING] 11:50:09:063 cpu/(14936:14954): entre en COPY dentro de send_instrucciones
[WARNING] 11:50:09:064 cpu/(14936:14954): Entre en EXIT dentro de send_instrucciones
[TRACE] 11:50:09:064 cpu/(14936:14954): El PID ES: 4
[INFO] 11:50:09:064 cpu/(14936:14954): DISCONNECT!
[TRACE] 11:50:09:064 cpu/(14936:14954): El socket de cpu despues de grar conexiones es: 5
[INFO] 11:50:09:605 cpu/(14936:14936): Cliente conectado (a KERNEL)

[WARNING] 11:50:09:607 cpu/(14936:14956): Deserialice NO_OP el parametro es: 5
[WARNING] 11:50:09:607 cpu/(14936:14956): Deserialice IO el parametro es: 3000
[WARNING] 11:50:09:607 cpu/(14936:14956): Deserialice READ el parametro es: 0
[WARNING] 11:50:09:607 cpu/(14936:14956): Deserialice WRITE el parametro1 es: 4
[WARNING] 11:50:09:607 cpu/(14936:14956): Deserialice WRITE el parametro2 es: 42
[WARNING] 11:50:09:607 cpu/(14936:14956): Deserialice COPY el parametro1 es: 0
[WARNING] 11:50:09:608 cpu/(14936:14956): Deserialice COPY el parametro2 es: 4
[WARNING] 11:50:09:608 cpu/(14936:14956): Entre en EXIT
[ERROR] 11:50:09:608 cpu/(14936:14956): El socket dentro de send instrcciones es : 5
[WARNING] 11:50:09:608 cpu/(14936:14956): entre en NO_OP dentro de send_instrucciones
[WARNING] 11:50:09:608 cpu/(14936:14956): entre en I/O dentro de send_instrucciones
[WARNING] 11:50:09:609 cpu/(14936:14956): entre en READ dentro de send_instrucciones
[WARNING] 11:50:09:609 cpu/(14936:14956): entre en READ dentro de send_instrucciones
[WARNING] 11:50:09:609 cpu/(14936:14956): entre en COPY dentro de send_instrucciones
[WARNING] 11:50:09:609 cpu/(14936:14956): Entre en EXIT dentro de send_instrucciones
[TRACE] 11:50:09:610 cpu/(14936:14956): El PID ES: 5
[INFO] 11:50:09:610 cpu/(14936:14956): DISCONNECT!
[TRACE] 11:50:09:610 cpu/(14936:14956): El socket de cpu despues de grar conexiones es: 5
[INFO] 11:50:10:059 cpu/(14936:14936): Cliente conectado (a KERNEL)

[WARNING] 11:50:10:061 cpu/(14936:14958): Deserialice NO_OP el parametro es: 5
[WARNING] 11:50:10:061 cpu/(14936:14958): Deserialice IO el parametro es: 3000
[WARNING] 11:50:10:061 cpu/(14936:14958): Deserialice READ el parametro es: 0
[WARNING] 11:50:10:061 cpu/(14936:14958): Deserialice WRITE el parametro1 es: 4
[WARNING] 11:50:10:061 cpu/(14936:14958): Deserialice WRITE el parametro2 es: 42
[WARNING] 11:50:10:061 cpu/(14936:14958): Deserialice COPY el parametro1 es: 0
[WARNING] 11:50:10:061 cpu/(14936:14958): Deserialice COPY el parametro2 es: 4
[WARNING] 11:50:10:061 cpu/(14936:14958): Entre en EXIT
[ERROR] 11:50:10:061 cpu/(14936:14958): El socket dentro de send instrcciones es : 5
[WARNING] 11:50:10:062 cpu/(14936:14958): entre en NO_OP dentro de send_instrucciones
[WARNING] 11:50:10:062 cpu/(14936:14958): entre en I/O dentro de send_instrucciones
[WARNING] 11:50:10:062 cpu/(14936:14958): entre en READ dentro de send_instrucciones
[WARNING] 11:50:10:062 cpu/(14936:14958): entre en READ dentro de send_instrucciones
[WARNING] 11:50:10:063 cpu/(14936:14958): entre en COPY dentro de send_instrucciones
[WARNING] 11:50:10:063 cpu/(14936:14958): Entre en EXIT dentro de send_instrucciones
[TRACE] 11:50:10:063 cpu/(14936:14958): El PID ES: 6
[INFO] 11:50:10:063 cpu/(14936:14958): DISCONNECT!
[TRACE] 11:50:10:063 cpu/(14936:14958): El socket de cpu despues de grar conexiones es: 5
[INFO] 11:50:10:442 cpu/(14936:14936): Cliente conectado (a KERNEL)

[WARNING] 11:50:10:444 cpu/(14936:14960): Deserialice NO_OP el parametro es: 5
[WARNING] 11:50:10:444 cpu/(14936:14960): Deserialice IO el parametro es: 3000
[WARNING] 11:50:10:444 cpu/(14936:14960): Deserialice READ el parametro es: 0
[WARNING] 11:50:10:444 cpu/(14936:14960): Deserialice WRITE el parametro1 es: 4
[WARNING] 11:50:10:444 cpu/(14936:14960): Deserialice WRITE el parametro2 es: 42
[WARNING] 11:50:10:444 cpu/(14936:14960): Deserialice COPY el parametro1 es: 0
[WARNING] 11:50:10:444 cpu/(14936:14960): Deserialice COPY el parametro2 es: 4
[WARNING] 11:50:10:444 cpu/(14936:14960): Entre en EXIT
[ERROR] 11:50:10:444 cpu/(14936:14960): El socket dentro de send instrcciones es : 5
[WARNING] 11:50:10:445 cpu/(14936:14960): entre en NO_OP dentro de send_instrucciones
[WARNING] 11:50:10:445 cpu/(14936:14960): entre en I/O dentro de send_instrucciones
[WARNING] 11:50:10:445 cpu/(14936:14960): entre en READ dentro de send_instrucciones
[WARNING] 11:50:10:445 cpu/(14936:14960): entre en READ dentro de send_instrucciones
[WARNING] 11:50:10:446 cpu/(14936:14960): entre en COPY dentro de send_instrucciones
[WARNING] 11:50:10:446 cpu/(14936:14960): Entre en EXIT dentro de send_instrucciones
[TRACE] 11:50:10:446 cpu/(14936:14960): El PID ES: 7
[INFO] 11:50:10:446 cpu/(14936:14960): DISCONNECT!
[TRACE] 11:50:10:446 cpu/(14936:14960): El socket de cpu despues de grar conexiones es: 5
[INFO] 11:50:10:774 cpu/(14936:14936): Cliente conectado (a KERNEL)

[WARNING] 11:50:10:776 cpu/(14936:14962): Deserialice NO_OP el parametro es: 5
[WARNING] 11:50:10:776 cpu/(14936:14962): Deserialice IO el parametro es: 3000
[WARNING] 11:50:10:776 cpu/(14936:14962): Deserialice READ el parametro es: 0
[WARNING] 11:50:10:776 cpu/(14936:14962): Deserialice WRITE el parametro1 es: 4
[WARNING] 11:50:10:776 cpu/(14936:14962): Deserialice WRITE el parametro2 es: 42
[WARNING] 11:50:10:776 cpu/(14936:14962): Deserialice COPY el parametro1 es: 0
[WARNING] 11:50:10:777 cpu/(14936:14962): Deserialice COPY el parametro2 es: 4
[WARNING] 11:50:10:777 cpu/(14936:14962): Entre en EXIT
[ERROR] 11:50:10:777 cpu/(14936:14962): El socket dentro de send instrcciones es : 5
[WARNING] 11:50:10:777 cpu/(14936:14962): entre en NO_OP dentro de send_instrucciones
[WARNING] 11:50:10:777 cpu/(14936:14962): entre en I/O dentro de send_instrucciones
[WARNING] 11:50:10:777 cpu/(14936:14962): entre en READ dentro de send_instrucciones
[WARNING] 11:50:10:778 cpu/(14936:14962): entre en READ dentro de send_instrucciones
[WARNING] 11:50:10:778 cpu/(14936:14962): entre en COPY dentro de send_instrucciones
[WARNING] 11:50:10:778 cpu/(14936:14962): Entre en EXIT dentro de send_instrucciones
[TRACE] 11:50:10:778 cpu/(14936:14962): El PID ES: 8
[INFO] 11:50:10:779 cpu/(14936:14962): DISCONNECT!
[TRACE] 11:50:10:779 cpu/(14936:14962): El socket de cpu despues de grar conexiones es: 5
[INFO] 11:50:11:098 cpu/(14936:14936): Cliente conectado (a KERNEL)

[WARNING] 11:50:11:100 cpu/(14936:14964): Deserialice NO_OP el parametro es: 5
[WARNING] 11:50:11:100 cpu/(14936:14964): Deserialice IO el parametro es: 3000
[WARNING] 11:50:11:100 cpu/(14936:14964): Deserialice READ el parametro es: 0
[WARNING] 11:50:11:100 cpu/(14936:14964): Deserialice WRITE el parametro1 es: 4
[WARNING] 11:50:11:100 cpu/(14936:14964): Deserialice WRITE el parametro2 es: 42
[WARNING] 11:50:11:100 cpu/(14936:14964): Deserialice COPY el parametro1 es: 0
[WARNING] 11:50:11:100 cpu/(14936:14964): Deserialice COPY el parametro2 es: 4
[WARNING] 11:50:11:101 cpu/(14936:14964): Entre en EXIT
[ERROR] 11:50:11:101 cpu/(14936:14964): El socket dentro de send instrcciones es : 5
[WARNING] 11:50:11:101 cpu/(14936:14964): entre en NO_OP dentro de send_instrucciones
[WARNING] 11:50:11:101 cpu/(14936:14964): entre en I/O dentro de send_instrucciones
[WARNING] 11:50:11:101 cpu/(14936:14964): entre en READ dentro de send_instrucciones
[WARNING] 11:50:11:102 cpu/(14936:14964): entre en READ dentro de send_instrucciones
[WARNING] 11:50:11:102 cpu/(14936:14964): entre en COPY dentro de send_instrucciones
[WARNING] 11:50:11:102 cpu/(14936:14964): Entre en EXIT dentro de send_instrucciones
[TRACE] 11:50:11:102 cpu/(14936:14964): El PID ES: 9
[INFO] 11:50:11:102 cpu/(14936:14964): DISCONNECT!
[TRACE] 11:50:11:103 cpu/(14936:14964): El socket de cpu despues de grar conexiones es: 5
[INFO] 11:50:11:405 cpu/(14936:14936): Cliente conectado (a KERNEL)

[WARNING] 11:50:11:407 cpu/(14936:14966): Deserialice NO_OP el parametro es: 5
[WARNING] 11:50:11:407 cpu/(14936:14966): Deserialice IO el parametro es: 3000
[WARNING] 11:50:11:407 cpu/(14936:14966): Deserialice READ el parametro es: 0
[WARNING] 11:50:11:407 cpu/(14936:14966): Deserialice WRITE el parametro1 es: 4
[WARNING] 11:50:11:407 cpu/(14936:14966): Deserialice WRITE el parametro2 es: 42
[WARNING] 11:50:11:408 cpu/(14936:14966): Deserialice COPY el parametro1 es: 0
[WARNING] 11:50:11:408 cpu/(14936:14966): Deserialice COPY el parametro2 es: 4
[WARNING] 11:50:11:408 cpu/(14936:14966): Entre en EXIT
[ERROR] 11:50:11:408 cpu/(14936:14966): El socket dentro de send instrcciones es : 5
[WARNING] 11:50:11:408 cpu/(14936:14966): entre en NO_OP dentro de send_instrucciones
[WARNING] 11:50:11:408 cpu/(14936:14966): entre en I/O dentro de send_instrucciones
[WARNING] 11:50:11:409 cpu/(14936:14966): entre en READ dentro de send_instrucciones
[WARNING] 11:50:11:409 cpu/(14936:14966): entre en READ dentro de send_instrucciones
[WARNING] 11:50:11:409 cpu/(14936:14966): entre en COPY dentro de send_instrucciones
[WARNING] 11:50:11:410 cpu/(14936:14966): Entre en EXIT dentro de send_instrucciones
[TRACE] 11:50:11:410 cpu/(14936:14966): El PID ES: 10
[INFO] 11:50:11:410 cpu/(14936:14966): DISCONNECT!
[TRACE] 11:50:11:410 cpu/(14936:14966): El socket de cpu despues de grar conexiones es: 5
[INFO] 11:50:11:768 cpu/(14936:14936): Cliente conectado (a KERNEL)

[WARNING] 11:50:11:770 cpu/(14936:14968): Deserialice NO_OP el parametro es: 5
[WARNING] 11:50:11:770 cpu/(14936:14968): Deserialice IO el parametro es: 3000
[WARNING] 11:50:11:770 cpu/(14936:14968): Deserialice READ el parametro es: 0
[WARNING] 11:50:11:770 cpu/(14936:14968): Deserialice WRITE el parametro1 es: 4
[WARNING] 11:50:11:770 cpu/(14936:14968): Deserialice WRITE el parametro2 es: 42
[WARNING] 11:50:11:770 cpu/(14936:14968): Deserialice COPY el parametro1 es: 0
[WARNING] 11:50:11:771 cpu/(14936:14968): Deserialice COPY el parametro2 es: 4
[WARNING] 11:50:11:771 cpu/(14936:14968): Entre en EXIT
[ERROR] 11:50:11:771 cpu/(14936:14968): El socket dentro de send instrcciones es : 5
[WARNING] 11:50:11:771 cpu/(14936:14968): entre en NO_OP dentro de send_instrucciones
[WARNING] 11:50:11:771 cpu/(14936:14968): entre en I/O dentro de send_instrucciones
[WARNING] 11:50:11:771 cpu/(14936:14968): entre en READ dentro de send_instrucciones
[WARNING] 11:50:11:772 cpu/(14936:14968): entre en READ dentro de send_instrucciones
[WARNING] 11:50:11:772 cpu/(14936:14968): entre en COPY dentro de send_instrucciones
[WARNING] 11:50:11:772 cpu/(14936:14968): Entre en EXIT dentro de send_instrucciones
[TRACE] 11:50:11:773 cpu/(14936:14968): El PID ES: 11
[INFO] 11:50:11:773 cpu/(14936:14968): DISCONNECT!
[TRACE] 11:50:11:773 cpu/(14936:14968): El socket de cpu despues de grar conexiones es: 5
[INFO] 11:50:12:040 cpu/(14936:14936): Cliente conectado (a KERNEL)

[WARNING] 11:50:12:042 cpu/(14936:14970): Deserialice NO_OP el parametro es: 5
[WARNING] 11:50:12:042 cpu/(14936:14970): Deserialice IO el parametro es: 3000
[WARNING] 11:50:12:042 cpu/(14936:14970): Deserialice READ el parametro es: 0
[WARNING] 11:50:12:042 cpu/(14936:14970): Deserialice WRITE el parametro1 es: 4
[WARNING] 11:50:12:042 cpu/(14936:14970): Deserialice WRITE el parametro2 es: 42
[WARNING] 11:50:12:042 cpu/(14936:14970): Deserialice COPY el parametro1 es: 0
[WARNING] 11:50:12:042 cpu/(14936:14970): Deserialice COPY el parametro2 es: 4
[WARNING] 11:50:12:043 cpu/(14936:14970): Entre en EXIT
[ERROR] 11:50:12:043 cpu/(14936:14970): El socket dentro de send instrcciones es : 5
[WARNING] 11:50:12:043 cpu/(14936:14970): entre en NO_OP dentro de send_instrucciones
[WARNING] 11:50:12:043 cpu/(14936:14970): entre en I/O dentro de send_instrucciones
[WARNING] 11:50:12:043 cpu/(14936:14970): entre en READ dentro de send_instrucciones
[WARNING] 11:50:12:044 cpu/(14936:14970): entre en READ dentro de send_instrucciones
[WARNING] 11:50:12:044 cpu/(14936:14970): entre en COPY dentro de send_instrucciones
[WARNING] 11:50:12:044 cpu/(14936:14970): Entre en EXIT dentro de send_instrucciones
[TRACE] 11:50:12:044 cpu/(14936:14970): El PID ES: 12
[INFO] 11:50:12:045 cpu/(14936:14970): DISCONNECT!
[TRACE] 11:50:12:045 cpu/(14936:14970): El socket de cpu despues de grar conexiones es: 5
[INFO] 11:50:12:327 cpu/(14936:14936): Cliente conectado (a KERNEL)

[WARNING] 11:50:12:329 cpu/(14936:14975): Deserialice NO_OP el parametro es: 5
[WARNING] 11:50:12:329 cpu/(14936:14975): Deserialice IO el parametro es: 3000
[WARNING] 11:50:12:329 cpu/(14936:14975): Deserialice READ el parametro es: 0
[WARNING] 11:50:12:329 cpu/(14936:14975): Deserialice WRITE el parametro1 es: 4
[WARNING] 11:50:12:329 cpu/(14936:14975): Deserialice WRITE el parametro2 es: 42
[WARNING] 11:50:12:329 cpu/(14936:14975): Deserialice COPY el parametro1 es: 0
[WARNING] 11:50:12:330 cpu/(14936:14975): Deserialice COPY el parametro2 es: 4
[WARNING] 11:50:12:330 cpu/(14936:14975): Entre en EXIT
[ERROR] 11:50:12:330 cpu/(14936:14975): El socket dentro de send instrcciones es : 5
[WARNING] 11:50:12:330 cpu/(14936:14975): entre en NO_OP dentro de send_instrucciones
[WARNING] 11:50:12:330 cpu/(14936:14975): entre en I/O dentro de send_instrucciones
[WARNING] 11:50:12:330 cpu/(14936:14975): entre en READ dentro de send_instrucciones
[WARNING] 11:50:12:331 cpu/(14936:14975): entre en READ dentro de send_instrucciones
[WARNING] 11:50:12:331 cpu/(14936:14975): entre en COPY dentro de send_instrucciones
[WARNING] 11:50:12:331 cpu/(14936:14975): Entre en EXIT dentro de send_instrucciones
[TRACE] 11:50:12:332 cpu/(14936:14975): El PID ES: 13
[INFO] 11:50:12:332 cpu/(14936:14975): DISCONNECT!
[TRACE] 11:50:12:332 cpu/(14936:14975): El socket de cpu despues de grar conexiones es: 5
[INFO] 11:50:12:661 cpu/(14936:14936): Cliente conectado (a KERNEL)

[WARNING] 11:50:12:663 cpu/(14936:14977): Deserialice NO_OP el parametro es: 5
[WARNING] 11:50:12:663 cpu/(14936:14977): Deserialice IO el parametro es: 3000
[WARNING] 11:50:12:663 cpu/(14936:14977): Deserialice READ el parametro es: 0
[WARNING] 11:50:12:663 cpu/(14936:14977): Deserialice WRITE el parametro1 es: 4
[WARNING] 11:50:12:664 cpu/(14936:14977): Deserialice WRITE el parametro2 es: 42
[WARNING] 11:50:12:664 cpu/(14936:14977): Deserialice COPY el parametro1 es: 0
[WARNING] 11:50:12:664 cpu/(14936:14977): Deserialice COPY el parametro2 es: 4
[WARNING] 11:50:12:664 cpu/(14936:14977): Entre en EXIT
[ERROR] 11:50:12:664 cpu/(14936:14977): El socket dentro de send instrcciones es : 5
[WARNING] 11:50:12:664 cpu/(14936:14977): entre en NO_OP dentro de send_instrucciones
[WARNING] 11:50:12:664 cpu/(14936:14977): entre en I/O dentro de send_instrucciones
[WARNING] 11:50:12:665 cpu/(14936:14977): entre en READ dentro de send_instrucciones
[WARNING] 11:50:12:665 cpu/(14936:14977): entre en READ dentro de send_instrucciones
[WARNING] 11:50:12:665 cpu/(14936:14977): entre en COPY dentro de send_instrucciones
[WARNING] 11:50:12:665 cpu/(14936:14977): Entre en EXIT dentro de send_instrucciones
[TRACE] 11:50:12:666 cpu/(14936:14977): El PID ES: 14
[INFO] 11:50:12:666 cpu/(14936:14977): DISCONNECT!
[TRACE] 11:50:12:666 cpu/(14936:14977): El socket de cpu despues de grar conexiones es: 5
[INFO] 11:50:12:891 cpu/(14936:14936): Cliente conectado (a KERNEL)

[WARNING] 11:50:12:893 cpu/(14936:14979): Deserialice NO_OP el parametro es: 5
[WARNING] 11:50:12:894 cpu/(14936:14979): Deserialice IO el parametro es: 3000
[WARNING] 11:50:12:894 cpu/(14936:14979): Deserialice READ el parametro es: 0
[WARNING] 11:50:12:894 cpu/(14936:14979): Deserialice WRITE el parametro1 es: 4
[WARNING] 11:50:12:894 cpu/(14936:14979): Deserialice WRITE el parametro2 es: 42
[WARNING] 11:50:12:894 cpu/(14936:14979): Deserialice COPY el parametro1 es: 0
[WARNING] 11:50:12:894 cpu/(14936:14979): Deserialice COPY el parametro2 es: 4
[WARNING] 11:50:12:894 cpu/(14936:14979): Entre en EXIT
[ERROR] 11:50:12:894 cpu/(14936:14979): El socket dentro de send instrcciones es : 5
[WARNING] 11:50:12:894 cpu/(14936:14979): entre en NO_OP dentro de send_instrucciones
[WARNING] 11:50:12:895 cpu/(14936:14979): entre en I/O dentro de send_instrucciones
[WARNING] 11:50:12:895 cpu/(14936:14979): entre en READ dentro de send_instrucciones
[WARNING] 11:50:12:896 cpu/(14936:14979): entre en READ dentro de send_instrucciones
[WARNING] 11:50:12:896 cpu/(14936:14979): entre en COPY dentro de send_instrucciones
[WARNING] 11:50:12:896 cpu/(14936:14979): Entre en EXIT dentro de send_instrucciones
[TRACE] 11:50:12:896 cpu/(14936:14979): El PID ES: 15
[INFO] 11:50:12:896 cpu/(14936:14979): DISCONNECT!
[TRACE] 11:50:12:897 cpu/(14936:14979): El socket de cpu despues de grar conexiones es: 5
[INFO] 11:50:13:119 cpu/(14936:14936): Cliente conectado (a KERNEL)

[WARNING] 11:50:13:123 cpu/(14936:14981): Deserialice NO_OP el parametro es: 5
[WARNING] 11:50:13:123 cpu/(14936:14981): Deserialice IO el parametro es: 3000
[WARNING] 11:50:13:123 cpu/(14936:14981): Deserialice READ el parametro es: 0
[WARNING] 11:50:13:123 cpu/(14936:14981): Deserialice WRITE el parametro1 es: 4
[WARNING] 11:50:13:123 cpu/(14936:14981): Deserialice WRITE el parametro2 es: 42
[WARNING] 11:50:13:123 cpu/(14936:14981): Deserialice COPY el parametro1 es: 0
[WARNING] 11:50:13:123 cpu/(14936:14981): Deserialice COPY el parametro2 es: 4
[WARNING] 11:50:13:123 cpu/(14936:14981): Entre en EXIT
[ERROR] 11:50:13:124 cpu/(14936:14981): El socket dentro de send instrcciones es : 5
[WARNING] 11:50:13:124 cpu/(14936:14981): entre en NO_OP dentro de send_instrucciones
[WARNING] 11:50:13:124 cpu/(14936:14981): entre en I/O dentro de send_instrucciones
[WARNING] 11:50:13:124 cpu/(14936:14981): entre en READ dentro de send_instrucciones
[WARNING] 11:50:13:125 cpu/(14936:14981): entre en READ dentro de send_instrucciones
[WARNING] 11:50:13:125 cpu/(14936:14981): entre en COPY dentro de send_instrucciones
[WARNING] 11:50:13:125 cpu/(14936:14981): Entre en EXIT dentro de send_instrucciones
[TRACE] 11:50:13:125 cpu/(14936:14981): El PID ES: 16
[INFO] 11:50:13:125 cpu/(14936:14981): DISCONNECT!
[TRACE] 11:50:13:125 cpu/(14936:14981): El socket de cpu despues de grar conexiones es: 5
[INFO] 11:50:13:316 cpu/(14936:14936): Cliente conectado (a KERNEL)

[WARNING] 11:50:13:318 cpu/(14936:14983): Deserialice NO_OP el parametro es: 5
[WARNING] 11:50:13:318 cpu/(14936:14983): Deserialice IO el parametro es: 3000
[WARNING] 11:50:13:318 cpu/(14936:14983): Deserialice READ el parametro es: 0
[WARNING] 11:50:13:318 cpu/(14936:14983): Deserialice WRITE el parametro1 es: 4
[WARNING] 11:50:13:318 cpu/(14936:14983): Deserialice WRITE el parametro2 es: 42
[WARNING] 11:50:13:319 cpu/(14936:14983): Deserialice COPY el parametro1 es: 0
[WARNING] 11:50:13:319 cpu/(14936:14983): Deserialice COPY el parametro2 es: 4
[WARNING] 11:50:13:319 cpu/(14936:14983): Entre en EXIT
[ERROR] 11:50:13:319 cpu/(14936:14983): El socket dentro de send instrcciones es : 5
[WARNING] 11:50:13:319 cpu/(14936:14983): entre en NO_OP dentro de send_instrucciones
[WARNING] 11:50:13:319 cpu/(14936:14983): entre en I/O dentro de send_instrucciones
[WARNING] 11:50:13:319 cpu/(14936:14983): entre en READ dentro de send_instrucciones
[WARNING] 11:50:13:320 cpu/(14936:14983): entre en READ dentro de send_instrucciones
[WARNING] 11:50:13:320 cpu/(14936:14983): entre en COPY dentro de send_instrucciones
[WARNING] 11:50:13:320 cpu/(14936:14983): Entre en EXIT dentro de send_instrucciones
[TRACE] 11:50:13:321 cpu/(14936:14983): El PID ES: 17
[INFO] 11:50:13:321 cpu/(14936:14983): DISCONNECT!
[TRACE] 11:50:13:321 cpu/(14936:14983): El socket de cpu despues de grar conexiones es: 5
[INFO] 11:50:13:490 cpu/(14936:14936): Cliente conectado (a KERNEL)

[WARNING] 11:50:13:492 cpu/(14936:14985): Deserialice NO_OP el parametro es: 5
[WARNING] 11:50:13:492 cpu/(14936:14985): Deserialice IO el parametro es: 3000
[WARNING] 11:50:13:492 cpu/(14936:14985): Deserialice READ el parametro es: 0
[WARNING] 11:50:13:492 cpu/(14936:14985): Deserialice WRITE el parametro1 es: 4
[WARNING] 11:50:13:492 cpu/(14936:14985): Deserialice WRITE el parametro2 es: 42
[WARNING] 11:50:13:492 cpu/(14936:14985): Deserialice COPY el parametro1 es: 0
[WARNING] 11:50:13:492 cpu/(14936:14985): Deserialice COPY el parametro2 es: 4
[WARNING] 11:50:13:492 cpu/(14936:14985): Entre en EXIT
[ERROR] 11:50:13:492 cpu/(14936:14985): El socket dentro de send instrcciones es : 5
[WARNING] 11:50:13:493 cpu/(14936:14985): entre en NO_OP dentro de send_instrucciones
[WARNING] 11:50:13:493 cpu/(14936:14985): entre en I/O dentro de send_instrucciones
[WARNING] 11:50:13:493 cpu/(14936:14985): entre en READ dentro de send_instrucciones
[WARNING] 11:50:13:493 cpu/(14936:14985): entre en READ dentro de send_instrucciones
[WARNING] 11:50:13:494 cpu/(14936:14985): entre en COPY dentro de send_instrucciones
[WARNING] 11:50:13:494 cpu/(14936:14985): Entre en EXIT dentro de send_instrucciones
[TRACE] 11:50:13:494 cpu/(14936:14985): El PID ES: 18
[INFO] 11:50:13:494 cpu/(14936:14985): DISCONNECT!
[TRACE] 11:50:13:494 cpu/(14936:14985): El socket de cpu despues de grar conexiones es: 5
[INFO] 11:50:14:571 cpu/(14936:14936): Cliente conectado (a KERNEL)

[WARNING] 11:50:14:574 cpu/(14936:14990): Deserialice NO_OP el parametro es: 5
[WARNING] 11:50:14:574 cpu/(14936:14990): Deserialice IO el parametro es: 3000
[WARNING] 11:50:14:574 cpu/(14936:14990): Deserialice READ el parametro es: 0
[WARNING] 11:50:14:574 cpu/(14936:14990): Deserialice WRITE el parametro1 es: 4
[WARNING] 11:50:14:574 cpu/(14936:14990): Deserialice WRITE el parametro2 es: 42
[WARNING] 11:50:14:574 cpu/(14936:14990): Deserialice COPY el parametro1 es: 0
[WARNING] 11:50:14:574 cpu/(14936:14990): Deserialice COPY el parametro2 es: 4
[WARNING] 11:50:14:574 cpu/(14936:14990): Entre en EXIT
[ERROR] 11:50:14:574 cpu/(14936:14990): El socket dentro de send instrcciones es : 5
[WARNING] 11:50:14:574 cpu/(14936:14990): entre en NO_OP dentro de send_instrucciones
[WARNING] 11:50:14:575 cpu/(14936:14990): entre en I/O dentro de send_instrucciones
[WARNING] 11:50:14:575 cpu/(14936:14990): entre en READ dentro de send_instrucciones
[WARNING] 11:50:14:575 cpu/(14936:14990): entre en READ dentro de send_instrucciones
[WARNING] 11:50:14:575 cpu/(14936:14990): entre en COPY dentro de send_instrucciones
[WARNING] 11:50:14:576 cpu/(14936:14990): Entre en EXIT dentro de send_instrucciones
[TRACE] 11:50:14:576 cpu/(14936:14990): El PID ES: 19
[INFO] 11:50:14:576 cpu/(14936:14990): DISCONNECT!
[TRACE] 11:50:14:576 cpu/(14936:14990): El socket de cpu despues de grar conexiones es: 5
[INFO] 11:50:15:048 cpu/(14936:14936): Cliente conectado (a KERNEL)

[WARNING] 11:50:15:050 cpu/(14936:14992): Deserialice NO_OP el parametro es: 5
[WARNING] 11:50:15:051 cpu/(14936:14992): Deserialice IO el parametro es: 3000
[WARNING] 11:50:15:051 cpu/(14936:14992): Deserialice READ el parametro es: 0
[WARNING] 11:50:15:051 cpu/(14936:14992): Deserialice WRITE el parametro1 es: 4
[WARNING] 11:50:15:051 cpu/(14936:14992): Deserialice WRITE el parametro2 es: 42
[WARNING] 11:50:15:051 cpu/(14936:14992): Deserialice COPY el parametro1 es: 0
[WARNING] 11:50:15:051 cpu/(14936:14992): Deserialice COPY el parametro2 es: 4
[WARNING] 11:50:15:051 cpu/(14936:14992): Entre en EXIT
[ERROR] 11:50:15:051 cpu/(14936:14992): El socket dentro de send instrcciones es : 5
[WARNING] 11:50:15:051 cpu/(14936:14992): entre en NO_OP dentro de send_instrucciones
[WARNING] 11:50:15:051 cpu/(14936:14992): entre en I/O dentro de send_instrucciones
[WARNING] 11:50:15:052 cpu/(14936:14992): entre en READ dentro de send_instrucciones
[WARNING] 11:50:15:052 cpu/(14936:14992): entre en READ dentro de send_instrucciones
[WARNING] 11:50:15:052 cpu/(14936:14992): entre en COPY dentro de send_instrucciones
[WARNING] 11:50:15:053 cpu/(14936:14992): Entre en EXIT dentro de send_instrucciones
[TRACE] 11:50:15:053 cpu/(14936:14992): El PID ES: 20
[INFO] 11:50:15:053 cpu/(14936:14992): DISCONNECT!
[TRACE] 11:50:15:053 cpu/(14936:14992): El socket de cpu despues de grar conexiones es: 5
[INFO] 11:50:15:458 cpu/(14936:14936): Cliente conectado (a KERNEL)

[WARNING] 11:50:15:460 cpu/(14936:14994): Deserialice NO_OP el parametro es: 5
[WARNING] 11:50:15:461 cpu/(14936:14994): Deserialice IO el parametro es: 3000
[WARNING] 11:50:15:461 cpu/(14936:14994): Deserialice READ el parametro es: 0
[WARNING] 11:50:15:461 cpu/(14936:14994): Deserialice WRITE el parametro1 es: 4
[WARNING] 11:50:15:461 cpu/(14936:14994): Deserialice WRITE el parametro2 es: 42
[WARNING] 11:50:15:461 cpu/(14936:14994): Deserialice COPY el parametro1 es: 0
[WARNING] 11:50:15:461 cpu/(14936:14994): Deserialice COPY el parametro2 es: 4
[WARNING] 11:50:15:461 cpu/(14936:14994): Entre en EXIT
[ERROR] 11:50:15:461 cpu/(14936:14994): El socket dentro de send instrcciones es : 5
[WARNING] 11:50:15:461 cpu/(14936:14994): entre en NO_OP dentro de send_instrucciones
[WARNING] 11:50:15:461 cpu/(14936:14994): entre en I/O dentro de send_instrucciones
[WARNING] 11:50:15:462 cpu/(14936:14994): entre en READ dentro de send_instrucciones
[WARNING] 11:50:15:462 cpu/(14936:14994): entre en READ dentro de send_instrucciones
[WARNING] 11:50:15:462 cpu/(14936:14994): entre en COPY dentro de send_instrucciones
[WARNING] 11:50:15:463 cpu/(14936:14994): Entre en EXIT dentro de send_instrucciones
[TRACE] 11:50:15:463 cpu/(14936:14994): El PID ES: 21
[INFO] 11:50:15:463 cpu/(14936:14994): DISCONNECT!
[TRACE] 11:50:15:463 cpu/(14936:14994): El socket de cpu despues de grar conexiones es: 5
[INFO] 11:50:15:868 cpu/(14936:14936): Cliente conectado (a KERNEL)

[WARNING] 11:50:15:871 cpu/(14936:14996): Deserialice NO_OP el parametro es: 5
[WARNING] 11:50:15:871 cpu/(14936:14996): Deserialice IO el parametro es: 3000
[WARNING] 11:50:15:871 cpu/(14936:14996): Deserialice READ el parametro es: 0
[WARNING] 11:50:15:871 cpu/(14936:14996): Deserialice WRITE el parametro1 es: 4
[WARNING] 11:50:15:871 cpu/(14936:14996): Deserialice WRITE el parametro2 es: 42
[WARNING] 11:50:15:871 cpu/(14936:14996): Deserialice COPY el parametro1 es: 0
[WARNING] 11:50:15:871 cpu/(14936:14996): Deserialice COPY el parametro2 es: 4
[WARNING] 11:50:15:871 cpu/(14936:14996): Entre en EXIT
[ERROR] 11:50:15:871 cpu/(14936:14996): El socket dentro de send instrcciones es : 5
[WARNING] 11:50:15:871 cpu/(14936:14996): entre en NO_OP dentro de send_instrucciones
[WARNING] 11:50:15:872 cpu/(14936:14996): entre en I/O dentro de send_instrucciones
[WARNING] 11:50:15:872 cpu/(14936:14996): entre en READ dentro de send_instrucciones
[WARNING] 11:50:15:872 cpu/(14936:14996): entre en READ dentro de send_instrucciones
[WARNING] 11:50:15:872 cpu/(14936:14996): entre en COPY dentro de send_instrucciones
[WARNING] 11:50:15:873 cpu/(14936:14996): Entre en EXIT dentro de send_instrucciones
[TRACE] 11:50:15:873 cpu/(14936:14996): El PID ES: 22
[INFO] 11:50:15:873 cpu/(14936:14996): DISCONNECT!
[TRACE] 11:50:15:873 cpu/(14936:14996): El socket de cpu despues de grar conexiones es: 5
[INFO] 11:50:16:276 cpu/(14936:14936): Cliente conectado (a KERNEL)

[WARNING] 11:50:16:279 cpu/(14936:14998): Deserialice NO_OP el parametro es: 5
[WARNING] 11:50:16:279 cpu/(14936:14998): Deserialice IO el parametro es: 3000
[WARNING] 11:50:16:279 cpu/(14936:14998): Deserialice READ el parametro es: 0
[WARNING] 11:50:16:279 cpu/(14936:14998): Deserialice WRITE el parametro1 es: 4
[WARNING] 11:50:16:279 cpu/(14936:14998): Deserialice WRITE el parametro2 es: 42
[WARNING] 11:50:16:279 cpu/(14936:14998): Deserialice COPY el parametro1 es: 0
[WARNING] 11:50:16:279 cpu/(14936:14998): Deserialice COPY el parametro2 es: 4
[WARNING] 11:50:16:279 cpu/(14936:14998): Entre en EXIT
[ERROR] 11:50:16:279 cpu/(14936:14998): El socket dentro de send instrcciones es : 5
[WARNING] 11:50:16:279 cpu/(14936:14998): entre en NO_OP dentro de send_instrucciones
[WARNING] 11:50:16:280 cpu/(14936:14998): entre en I/O dentro de send_instrucciones
[WARNING] 11:50:16:280 cpu/(14936:14998): entre en READ dentro de send_instrucciones
[WARNING] 11:50:16:280 cpu/(14936:14998): entre en READ dentro de send_instrucciones
[WARNING] 11:50:16:280 cpu/(14936:14998): entre en COPY dentro de send_instrucciones
[WARNING] 11:50:16:281 cpu/(14936:14998): Entre en EXIT dentro de send_instrucciones
[TRACE] 11:50:16:281 cpu/(14936:14998): El PID ES: 23
[INFO] 11:50:16:281 cpu/(14936:14998): DISCONNECT!
[TRACE] 11:50:16:281 cpu/(14936:14998): El socket de cpu despues de grar conexiones es: 5
[INFO] 11:50:16:684 cpu/(14936:14936): Cliente conectado (a KERNEL)

[WARNING] 11:50:16:686 cpu/(14936:15000): Deserialice NO_OP el parametro es: 5
[WARNING] 11:50:16:686 cpu/(14936:15000): Deserialice IO el parametro es: 3000
[WARNING] 11:50:16:686 cpu/(14936:15000): Deserialice READ el parametro es: 0
[WARNING] 11:50:16:686 cpu/(14936:15000): Deserialice WRITE el parametro1 es: 4
[WARNING] 11:50:16:686 cpu/(14936:15000): Deserialice WRITE el parametro2 es: 42
[WARNING] 11:50:16:686 cpu/(14936:15000): Deserialice COPY el parametro1 es: 0
[WARNING] 11:50:16:686 cpu/(14936:15000): Deserialice COPY el parametro2 es: 4
[WARNING] 11:50:16:686 cpu/(14936:15000): Entre en EXIT
[ERROR] 11:50:16:686 cpu/(14936:15000): El socket dentro de send instrcciones es : 5
[WARNING] 11:50:16:686 cpu/(14936:15000): entre en NO_OP dentro de send_instrucciones
[WARNING] 11:50:16:687 cpu/(14936:15000): entre en I/O dentro de send_instrucciones
[WARNING] 11:50:16:687 cpu/(14936:15000): entre en READ dentro de send_instrucciones
[WARNING] 11:50:16:687 cpu/(14936:15000): entre en READ dentro de send_instrucciones
[WARNING] 11:50:16:688 cpu/(14936:15000): entre en COPY dentro de send_instrucciones
[WARNING] 11:50:16:688 cpu/(14936:15000): Entre en EXIT dentro de send_instrucciones
[TRACE] 11:50:16:688 cpu/(14936:15000): El PID ES: 24
[INFO] 11:50:16:688 cpu/(14936:15000): DISCONNECT!
[TRACE] 11:50:16:688 cpu/(14936:15000): El socket de cpu despues de grar conexiones es: 5
[INFO] 11:50:17:055 cpu/(14936:14936): Cliente conectado (a KERNEL)

[WARNING] 11:50:17:057 cpu/(14936:15002): Deserialice NO_OP el parametro es: 5
[WARNING] 11:50:17:057 cpu/(14936:15002): Deserialice IO el parametro es: 3000
[WARNING] 11:50:17:057 cpu/(14936:15002): Deserialice READ el parametro es: 0
[WARNING] 11:50:17:057 cpu/(14936:15002): Deserialice WRITE el parametro1 es: 4
[WARNING] 11:50:17:057 cpu/(14936:15002): Deserialice WRITE el parametro2 es: 42
[WARNING] 11:50:17:057 cpu/(14936:15002): Deserialice COPY el parametro1 es: 0
[WARNING] 11:50:17:057 cpu/(14936:15002): Deserialice COPY el parametro2 es: 4
[WARNING] 11:50:17:057 cpu/(14936:15002): Entre en EXIT
[ERROR] 11:50:17:057 cpu/(14936:15002): El socket dentro de send instrcciones es : 5
[WARNING] 11:50:17:057 cpu/(14936:15002): entre en NO_OP dentro de send_instrucciones
[WARNING] 11:50:17:058 cpu/(14936:15002): entre en I/O dentro de send_instrucciones
[WARNING] 11:50:17:058 cpu/(14936:15002): entre en READ dentro de send_instrucciones
[WARNING] 11:50:17:059 cpu/(14936:15002): entre en READ dentro de send_instrucciones
[WARNING] 11:50:17:059 cpu/(14936:15002): entre en COPY dentro de send_instrucciones
[WARNING] 11:50:17:059 cpu/(14936:15002): Entre en EXIT dentro de send_instrucciones
[TRACE] 11:50:17:059 cpu/(14936:15002): El PID ES: 25
[INFO] 11:50:17:059 cpu/(14936:15002): DISCONNECT!
[TRACE] 11:50:17:060 cpu/(14936:15002): El socket de cpu despues de grar conexiones es: 5
[INFO] 12:13:10:668 cpu/(16985:16985): Escuchando en 127.0.0.1:8000 (KERNEL)

[TRACE] 12:13:10:668 cpu/(16985:16985): El socket : 4
[INFO] 12:13:10:669 cpu/(16985:16985): Cliente conectado en 127.0.0.1:8001 (a CPU)

[TRACE] 12:13:10:669 cpu/(16985:16985): El fd_cpu despues de grar conexiones es: 5
[INFO] 12:13:12:475 cpu/(16985:16985): Cliente conectado (a KERNEL)

[WARNING] 12:13:12:477 cpu/(16985:16988): Deserialice NO_OP el parametro es: 5
[WARNING] 12:13:12:477 cpu/(16985:16988): Deserialice IO el parametro es: 3000
[WARNING] 12:13:12:477 cpu/(16985:16988): Deserialice READ el parametro es: 0
[WARNING] 12:13:12:477 cpu/(16985:16988): Deserialice WRITE el parametro1 es: 4
[WARNING] 12:13:12:477 cpu/(16985:16988): Deserialice WRITE el parametro2 es: 42
[WARNING] 12:13:12:478 cpu/(16985:16988): Deserialice COPY el parametro1 es: 0
[WARNING] 12:13:12:478 cpu/(16985:16988): Deserialice COPY el parametro2 es: 4
[WARNING] 12:13:12:478 cpu/(16985:16988): Entre en EXIT
[ERROR] 12:13:12:478 cpu/(16985:16988): El socket dentro de send instrcciones es : 5
[WARNING] 12:13:12:478 cpu/(16985:16988): entre en NO_OP dentro de send_instrucciones
[WARNING] 12:13:12:478 cpu/(16985:16988): entre en I/O dentro de send_instrucciones
[WARNING] 12:13:12:479 cpu/(16985:16988): entre en READ dentro de send_instrucciones
[WARNING] 12:13:12:479 cpu/(16985:16988): entre en READ dentro de send_instrucciones
[WARNING] 12:13:12:479 cpu/(16985:16988): entre en COPY dentro de send_instrucciones
[WARNING] 12:13:12:479 cpu/(16985:16988): Entre en EXIT dentro de send_instrucciones
[TRACE] 12:13:12:479 cpu/(16985:16988): El PID ES: 1
[INFO] 12:13:12:479 cpu/(16985:16988): DISCONNECT!
[TRACE] 12:13:12:480 cpu/(16985:16988): El socket de cpu despues de grar conexiones es: 5
[INFO] 12:14:20:671 cpu/(17181:17181): Escuchando en 127.0.0.1:8000 (KERNEL)

[TRACE] 12:14:20:671 cpu/(17181:17181): El socket : 4
[ERROR] 12:14:20:671 cpu/(17181:17181): Error al conectar (a CPU)

[INFO] 12:14:43:092 cpu/(17408:17408): Escuchando en 127.0.0.1:8000 (KERNEL)

[TRACE] 12:14:43:092 cpu/(17408:17408): El socket : 4
[INFO] 12:14:43:092 cpu/(17408:17408): Cliente conectado en 127.0.0.1:8001 (a CPU)

[TRACE] 12:14:43:092 cpu/(17408:17408): El fd_cpu despues de grar conexiones es: 5
[INFO] 12:14:45:436 cpu/(17408:17408): Cliente conectado (a KERNEL)

[WARNING] 12:14:45:439 cpu/(17408:17414): Deserialice NO_OP el parametro es: 5
[WARNING] 12:14:45:439 cpu/(17408:17414): Deserialice IO el parametro es: 3000
[WARNING] 12:14:45:439 cpu/(17408:17414): Deserialice READ el parametro es: 0
[WARNING] 12:14:45:439 cpu/(17408:17414): Deserialice WRITE el parametro1 es: 4
[WARNING] 12:14:45:439 cpu/(17408:17414): Deserialice WRITE el parametro2 es: 42
[WARNING] 12:14:45:439 cpu/(17408:17414): Deserialice COPY el parametro1 es: 0
[WARNING] 12:14:45:439 cpu/(17408:17414): Deserialice COPY el parametro2 es: 4
[WARNING] 12:14:45:439 cpu/(17408:17414): Entre en EXIT
[ERROR] 12:14:45:439 cpu/(17408:17414): El socket dentro de send instrcciones es : 5
[WARNING] 12:14:45:439 cpu/(17408:17414): entre en NO_OP dentro de send_instrucciones
[WARNING] 12:14:45:440 cpu/(17408:17414): entre en I/O dentro de send_instrucciones
[WARNING] 12:14:45:440 cpu/(17408:17414): entre en READ dentro de send_instrucciones
[WARNING] 12:14:45:440 cpu/(17408:17414): entre en READ dentro de send_instrucciones
[WARNING] 12:14:45:440 cpu/(17408:17414): entre en COPY dentro de send_instrucciones
[WARNING] 12:14:45:441 cpu/(17408:17414): Entre en EXIT dentro de send_instrucciones
[TRACE] 12:14:45:441 cpu/(17408:17414): El PID ES: 1
[INFO] 12:14:45:441 cpu/(17408:17414): DISCONNECT!
[TRACE] 12:14:45:441 cpu/(17408:17414): El socket de cpu despues de grar conexiones es: 5
